[[1;34mINFO[m] Scanning for projects...
[[1;33mWARNING[m] 
[[1;33mWARNING[m] Some problems were encountered while building the effective model for org.apache.commons:commons-numbers-core:jar:1.0
[[1;33mWARNING[m] 'build.plugins.plugin.(groupId:artifactId)' must be unique but found duplicate declaration of plugin org.apache.maven.plugins:maven-surefire-plugin @ org.apache.commons:commons-numbers-parent:1.0, /media/ISSTA_USER/extradrive1/toga-eval-issta-2023/backup_issta_paper/final-evosuite-tests/evosuite-artifacts/commons-numbers-1.0-src/pom.xml, line 254, column 15
[[1;33mWARNING[m] 
[[1;33mWARNING[m] Some problems were encountered while building the effective model for org.apache.commons:commons-numbers-parent:pom:1.0
[[1;33mWARNING[m] 'build.plugins.plugin.(groupId:artifactId)' must be unique but found duplicate declaration of plugin org.apache.maven.plugins:maven-surefire-plugin @ line 254, column 15
[[1;33mWARNING[m] 
[[1;33mWARNING[m] It is highly recommended to fix these problems because they threaten the stability of your build.
[[1;33mWARNING[m] 
[[1;33mWARNING[m] For this reason, future Maven versions might no longer support building such malformed projects.
[[1;33mWARNING[m] 
[[1;34mINFO[m] [1m------------------------------------------------------------------------[m
[[1;34mINFO[m] [1mReactor Build Order:[m
[[1;34mINFO[m] 
[[1;34mINFO[m] Apache Commons Numbers                                             [pom]
[[1;34mINFO[m] Apache Commons Numbers Core                                        [jar]
[[1;34mINFO[m] Apache Commons Numbers Complex                                     [jar]
[[1;34mINFO[m] Apache Commons Numbers Primes                                      [jar]
[[1;34mINFO[m] Apache Commons Numbers Quaternion                                  [jar]
[[1;34mINFO[m] Apache Commons Numbers Fraction                                    [jar]
[[1;34mINFO[m] Apache Commons Numbers Angle                                       [jar]
[[1;34mINFO[m] Apache Commons Numbers Gamma                                       [jar]
[[1;34mINFO[m] Apache Commons Numbers Combinatorics                               [jar]
[[1;34mINFO[m] Apache Commons Numbers Arrays                                      [jar]
[[1;34mINFO[m] Apache Commons Numbers Field                                       [jar]
[[1;34mINFO[m] Apache Commons Numbers Root Finder                                 [jar]
[[1;34mINFO[m] 
[[1;34mINFO[m] [1m-------------< [0;36morg.apache.commons:commons-numbers-parent[0;1m >--------------[m
[[1;34mINFO[m] [1mBuilding Apache Commons Numbers 1.0                               [1/12][m
[[1;34mINFO[m] [1m--------------------------------[ pom ]---------------------------------[m
[[1;34mINFO[m] 
[[1;34mINFO[m] [1m--- [0;32mmaven-clean-plugin:3.1.0:clean[m [1m(default-clean)[m @ [36mcommons-numbers-parent[0;1m ---[m
[[1;34mINFO[m] Deleting /media/ISSTA_USER/extradrive1/toga-eval-issta-2023/backup_issta_paper/final-evosuite-tests/evosuite-artifacts/commons-numbers-1.0-src/target
[[1;34mINFO[m] 
[[1;34mINFO[m] [1m--- [0;32mmaven-enforcer-plugin:3.0.0-M3:enforce[m [1m(enforce-maven-version)[m @ [36mcommons-numbers-parent[0;1m ---[m
[[1;34mINFO[m] 
[[1;34mINFO[m] [1m--- [0;32mmaven-enforcer-plugin:3.0.0-M3:enforce[m [1m(enforce-maven-3)[m @ [36mcommons-numbers-parent[0;1m ---[m
[[1;34mINFO[m] 
[[1;34mINFO[m] [1m--- [0;32mapache-rat-plugin:0.13:check[m [1m(rat-check)[m @ [36mcommons-numbers-parent[0;1m ---[m
[[1;34mINFO[m] RAT will not execute since it is configured to be skipped via system property 'rat.skip'.
[[1;34mINFO[m] 
[[1;34mINFO[m] [1m--- [0;32mbuild-helper-maven-plugin:3.1.0:parse-version[m [1m(parse-version)[m @ [36mcommons-numbers-parent[0;1m ---[m
[[1;34mINFO[m] 
[[1;34mINFO[m] [1m--- [0;32mmaven-antrun-plugin:1.8:run[m [1m(javadoc.resources)[m @ [36mcommons-numbers-parent[0;1m ---[m
[[1;34mINFO[m] Executing tasks

main:
     [copy] Copying 2 files to /media/ISSTA_USER/extradrive1/toga-eval-issta-2023/backup_issta_paper/final-evosuite-tests/evosuite-artifacts/commons-numbers-1.0-src/target/apidocs/META-INF
[[1;34mINFO[m] Executed tasks
[[1;34mINFO[m] 
[[1;34mINFO[m] [1m--- [0;32mmaven-remote-resources-plugin:1.7.0:process[m [1m(process-resource-bundles)[m @ [36mcommons-numbers-parent[0;1m ---[m
[[1;34mINFO[m] Skipping remote resources execution.
[[1;34mINFO[m] 
[[1;34mINFO[m] [1m--- [0;32mbuildnumber-maven-plugin:1.4:create[m [1m(default)[m @ [36mcommons-numbers-parent[0;1m ---[m
[[1;34mINFO[m] Executing: /bin/sh -c cd '/media/ISSTA_USER/extradrive1/toga-eval-issta-2023/backup_issta_paper/final-evosuite-tests/evosuite-artifacts/commons-numbers-1.0-src' && 'git' 'rev-parse' '--verify' 'HEAD'
[[1;34mINFO[m] Working directory: /media/ISSTA_USER/extradrive1/toga-eval-issta-2023/backup_issta_paper/final-evosuite-tests/evosuite-artifacts/commons-numbers-1.0-src
[[1;34mINFO[m] Storing buildNumber: ?????? at timestamp: 1667750077958
[[1;33mWARNING[m] Cannot get the branch information from the git repository: 
Detecting the current branch failed: fatal: not a git repository (or any parent up to mount point /media/ISSTA_USER)
Stopping at filesystem boundary (GIT_DISCOVERY_ACROSS_FILESYSTEM not set).

[[1;34mINFO[m] Executing: /bin/sh -c cd '/media/ISSTA_USER/extradrive1/toga-eval-issta-2023/backup_issta_paper/final-evosuite-tests/evosuite-artifacts/commons-numbers-1.0-src' && 'git' 'rev-parse' '--verify' 'HEAD'
[[1;34mINFO[m] Working directory: /media/ISSTA_USER/extradrive1/toga-eval-issta-2023/backup_issta_paper/final-evosuite-tests/evosuite-artifacts/commons-numbers-1.0-src
[[1;34mINFO[m] Storing buildScmBranch: UNKNOWN_BRANCH
[[1;34mINFO[m] 
[[1;34mINFO[m] [1m--- [0;32mmaven-bundle-plugin:4.2.1:manifest[m [1m(bundle-manifest)[m @ [36mcommons-numbers-parent[0;1m ---[m
[[1;33mWARNING[m] Ignoring project type pom - supportedProjectTypes = [jar, bundle]
[[1;34mINFO[m] 
[[1;34mINFO[m] [1m--- [0;32manimal-sniffer-maven-plugin:1.18:check[m [1m(checkAPIcompatibility)[m @ [36mcommons-numbers-parent[0;1m ---[m
[[1;34mINFO[m] Checking unresolved references to org.codehaus.mojo.signature:java18:1.0
[[1;34mINFO[m] 
[[1;34mINFO[m] [1m--- [0;32mevosuite-maven-plugin:1.0.6:prepare[m [1m(default)[m @ [36mcommons-numbers-parent[0;1m ---[m
[[1;34mINFO[m] Preparing EvoSuite tests for execution
[[1;34mINFO[m] Analyzing test folder: /media/ISSTA_USER/extradrive1/toga-eval-issta-2023/backup_issta_paper/final-evosuite-tests/evosuite-artifacts/commons-numbers-1.0-src/target/test-classes
[[1;33mWARNING[m] Target folder for compiled tests does not exist: /media/ISSTA_USER/extradrive1/toga-eval-issta-2023/backup_issta_paper/final-evosuite-tests/evosuite-artifacts/commons-numbers-1.0-src/target/test-classes
[[1;34mINFO[m] 
[[1;34mINFO[m] [1m--- [0;32mjacoco-maven-plugin:0.8.5:prepare-agent[m [1m(prepare-agent)[m @ [36mcommons-numbers-parent[0;1m ---[m
[[1;34mINFO[m] argLine set to -javaagent:/home/ISSTA_USER/.m2/repository/org/jacoco/org.jacoco.agent/0.8.5/org.jacoco.agent-0.8.5-runtime.jar=destfile=/media/ISSTA_USER/extradrive1/toga-eval-issta-2023/backup_issta_paper/final-evosuite-tests/evosuite-artifacts/commons-numbers-1.0-src/target/jacoco.exec
[[1;34mINFO[m] 
[[1;34mINFO[m] [1m--------------< [0;36morg.apache.commons:commons-numbers-core[0;1m >---------------[m
[[1;34mINFO[m] [1mBuilding Apache Commons Numbers Core 1.0                          [2/12][m
[[1;34mINFO[m] [1m--------------------------------[ jar ]---------------------------------[m
[[1;34mINFO[m] 
[[1;34mINFO[m] [1m--- [0;32mmaven-clean-plugin:3.1.0:clean[m [1m(default-clean)[m @ [36mcommons-numbers-core[0;1m ---[m
[[1;34mINFO[m] Deleting /media/ISSTA_USER/extradrive1/toga-eval-issta-2023/backup_issta_paper/final-evosuite-tests/evosuite-artifacts/commons-numbers-1.0-src/commons-numbers-core/target
[[1;34mINFO[m] 
[[1;34mINFO[m] [1m--- [0;32mmaven-enforcer-plugin:3.0.0-M3:enforce[m [1m(enforce-maven-version)[m @ [36mcommons-numbers-core[0;1m ---[m
[[1;34mINFO[m] 
[[1;34mINFO[m] [1m--- [0;32mmaven-enforcer-plugin:3.0.0-M3:enforce[m [1m(enforce-maven-3)[m @ [36mcommons-numbers-core[0;1m ---[m
[[1;34mINFO[m] 
[[1;34mINFO[m] [1m--- [0;32mapache-rat-plugin:0.13:check[m [1m(rat-check)[m @ [36mcommons-numbers-core[0;1m ---[m
[[1;34mINFO[m] RAT will not execute since it is configured to be skipped via system property 'rat.skip'.
[[1;34mINFO[m] 
[[1;34mINFO[m] [1m--- [0;32mbuild-helper-maven-plugin:3.1.0:parse-version[m [1m(parse-version)[m @ [36mcommons-numbers-core[0;1m ---[m
[[1;34mINFO[m] 
[[1;34mINFO[m] [1m--- [0;32mmaven-antrun-plugin:1.8:run[m [1m(javadoc.resources)[m @ [36mcommons-numbers-core[0;1m ---[m
[[1;34mINFO[m] Executing tasks

main:
     [copy] Copying 2 files to /media/ISSTA_USER/extradrive1/toga-eval-issta-2023/backup_issta_paper/final-evosuite-tests/evosuite-artifacts/commons-numbers-1.0-src/commons-numbers-core/target/apidocs/META-INF
[[1;34mINFO[m] Executed tasks
[[1;34mINFO[m] 
[[1;34mINFO[m] [1m--- [0;32mmaven-remote-resources-plugin:1.7.0:process[m [1m(process-resource-bundles)[m @ [36mcommons-numbers-core[0;1m ---[m
[[1;34mINFO[m] Skipping remote resources execution.
[[1;34mINFO[m] 
[[1;34mINFO[m] [1m--- [0;32mbuildnumber-maven-plugin:1.4:create[m [1m(default)[m @ [36mcommons-numbers-core[0;1m ---[m
[[1;34mINFO[m] Executing: /bin/sh -c cd '/media/ISSTA_USER/extradrive1/toga-eval-issta-2023/backup_issta_paper/final-evosuite-tests/evosuite-artifacts/commons-numbers-1.0-src/commons-numbers-core' && 'git' 'rev-parse' '--verify' 'HEAD'
[[1;34mINFO[m] Working directory: /media/ISSTA_USER/extradrive1/toga-eval-issta-2023/backup_issta_paper/final-evosuite-tests/evosuite-artifacts/commons-numbers-1.0-src/commons-numbers-core
[[1;34mINFO[m] Storing buildNumber: ?????? at timestamp: 1667750078857
[[1;33mWARNING[m] Cannot get the branch information from the git repository: 
Detecting the current branch failed: fatal: not a git repository (or any parent up to mount point /media/ISSTA_USER)
Stopping at filesystem boundary (GIT_DISCOVERY_ACROSS_FILESYSTEM not set).

[[1;34mINFO[m] Executing: /bin/sh -c cd '/media/ISSTA_USER/extradrive1/toga-eval-issta-2023/backup_issta_paper/final-evosuite-tests/evosuite-artifacts/commons-numbers-1.0-src/commons-numbers-core' && 'git' 'rev-parse' '--verify' 'HEAD'
[[1;34mINFO[m] Working directory: /media/ISSTA_USER/extradrive1/toga-eval-issta-2023/backup_issta_paper/final-evosuite-tests/evosuite-artifacts/commons-numbers-1.0-src/commons-numbers-core
[[1;34mINFO[m] Storing buildScmBranch: UNKNOWN_BRANCH
[[1;34mINFO[m] 
[[1;34mINFO[m] [1m--- [0;32mmaven-resources-plugin:3.1.0:resources[m [1m(default-resources)[m @ [36mcommons-numbers-core[0;1m ---[m
[[1;34mINFO[m] Using 'UTF-8' encoding to copy filtered resources.
[[1;34mINFO[m] skip non existing resourceDirectory /media/ISSTA_USER/extradrive1/toga-eval-issta-2023/backup_issta_paper/final-evosuite-tests/evosuite-artifacts/commons-numbers-1.0-src/commons-numbers-core/src/main/resources
[[1;34mINFO[m] Copying 2 resources to META-INF
[[1;34mINFO[m] 
[[1;34mINFO[m] [1m--- [0;32mmaven-compiler-plugin:3.8.1:compile[m [1m(default-compile)[m @ [36mcommons-numbers-core[0;1m ---[m
[[1;34mINFO[m] Changes detected - recompiling the module!
[[1;34mINFO[m] Compiling 9 source files to /media/ISSTA_USER/extradrive1/toga-eval-issta-2023/backup_issta_paper/final-evosuite-tests/evosuite-artifacts/commons-numbers-1.0-src/commons-numbers-core/target/classes
[[1;34mINFO[m] 
[[1;34mINFO[m] [1m--- [0;32mmaven-bundle-plugin:4.2.1:manifest[m [1m(bundle-manifest)[m @ [36mcommons-numbers-core[0;1m ---[m
[[1;34mINFO[m] 
[[1;34mINFO[m] [1m--- [0;32manimal-sniffer-maven-plugin:1.18:check[m [1m(checkAPIcompatibility)[m @ [36mcommons-numbers-core[0;1m ---[m
[[1;34mINFO[m] Checking unresolved references to org.codehaus.mojo.signature:java18:1.0
[[1;34mINFO[m] 
[[1;34mINFO[m] [1m--- [0;32mmaven-resources-plugin:3.1.0:testResources[m [1m(default-testResources)[m @ [36mcommons-numbers-core[0;1m ---[m
[[1;34mINFO[m] Using 'UTF-8' encoding to copy filtered resources.
[[1;34mINFO[m] skip non existing resourceDirectory /media/ISSTA_USER/extradrive1/toga-eval-issta-2023/backup_issta_paper/final-evosuite-tests/evosuite-artifacts/commons-numbers-1.0-src/commons-numbers-core/src/test/resources
[[1;34mINFO[m] Copying 2 resources to META-INF
[[1;34mINFO[m] 
[[1;34mINFO[m] [1m--- [0;32mmaven-compiler-plugin:3.8.1:testCompile[m [1m(default-testCompile)[m @ [36mcommons-numbers-core[0;1m ---[m
[[1;34mINFO[m] Changes detected - recompiling the module!
[[1;34mINFO[m] Compiling 10 source files to /media/ISSTA_USER/extradrive1/toga-eval-issta-2023/backup_issta_paper/final-evosuite-tests/evosuite-artifacts/commons-numbers-1.0-src/commons-numbers-core/target/test-classes
[[1;34mINFO[m] 
[[1;34mINFO[m] [1m--- [0;32mevosuite-maven-plugin:1.0.6:prepare[m [1m(default)[m @ [36mcommons-numbers-core[0;1m ---[m
[[1;34mINFO[m] Preparing EvoSuite tests for execution
[[1;34mINFO[m] Analyzing test folder: /media/ISSTA_USER/extradrive1/toga-eval-issta-2023/backup_issta_paper/final-evosuite-tests/evosuite-artifacts/commons-numbers-1.0-src/commons-numbers-core/target/test-classes
[[1;34mINFO[m] Found 5 EvoSuite scaffolding files
[[1;34mINFO[m] 
[[1;34mINFO[m] [1m--- [0;32mjacoco-maven-plugin:0.8.5:prepare-agent[m [1m(prepare-agent)[m @ [36mcommons-numbers-core[0;1m ---[m
[[1;34mINFO[m] argLine set to -javaagent:/home/ISSTA_USER/.m2/repository/org/jacoco/org.jacoco.agent/0.8.5/org.jacoco.agent-0.8.5-runtime.jar=destfile=/media/ISSTA_USER/extradrive1/toga-eval-issta-2023/backup_issta_paper/final-evosuite-tests/evosuite-artifacts/commons-numbers-1.0-src/commons-numbers-core/target/jacoco.exec
[[1;34mINFO[m] 
[[1;34mINFO[m] [1m--- [0;32mmaven-surefire-plugin:2.17:test[m [1m(default-test)[m @ [36mcommons-numbers-core[0;1m ---[m
[[1;34mINFO[m] Surefire report directory: /media/ISSTA_USER/extradrive1/toga-eval-issta-2023/backup_issta_paper/final-evosuite-tests/evosuite-artifacts/commons-numbers-1.0-src/commons-numbers-core/target/surefire-reports

-------------------------------------------------------
 T E S T S
-------------------------------------------------------
Executing org.evosuite.runtime.InitializingListener
Running org.apache.commons.numbers.core.Norm_ESTest
Tests run: 34, Failures: 0, Errors: 0, Skipped: 0, Time elapsed: 0.202 sec - in org.apache.commons.numbers.core.Norm_ESTest
Running org.apache.commons.numbers.core.ArithmeticUtils_ESTest
Tests run: 110, Failures: 0, Errors: 0, Skipped: 0, Time elapsed: 0.107 sec - in org.apache.commons.numbers.core.ArithmeticUtils_ESTest
Running org.apache.commons.numbers.core.ExtendedPrecision_ESTest
Tests run: 21, Failures: 0, Errors: 0, Skipped: 0, Time elapsed: 0.012 sec - in org.apache.commons.numbers.core.ExtendedPrecision_ESTest
Running org.apache.commons.numbers.core.Precision_ESTest
Tests run: 90, Failures: 0, Errors: 0, Skipped: 0, Time elapsed: 0.059 sec - in org.apache.commons.numbers.core.Precision_ESTest
Running org.apache.commons.numbers.core.Sum_ESTest
Tests run: 18, Failures: 0, Errors: 0, Skipped: 0, Time elapsed: 0.014 sec - in org.apache.commons.numbers.core.Sum_ESTest

Results :

Tests run: 273, Failures: 0, Errors: 0, Skipped: 0

[[1;34mINFO[m] 
[[1;34mINFO[m] [1m-------------< [0;36morg.apache.commons:commons-numbers-complex[0;1m >-------------[m
[[1;34mINFO[m] [1mBuilding Apache Commons Numbers Complex 1.0                       [3/12][m
[[1;34mINFO[m] [1m--------------------------------[ jar ]---------------------------------[m
[[1;34mINFO[m] 
[[1;34mINFO[m] [1m--- [0;32mmaven-clean-plugin:3.1.0:clean[m [1m(default-clean)[m @ [36mcommons-numbers-complex[0;1m ---[m
[[1;34mINFO[m] Deleting /media/ISSTA_USER/extradrive1/toga-eval-issta-2023/backup_issta_paper/final-evosuite-tests/evosuite-artifacts/commons-numbers-1.0-src/commons-numbers-complex/target
[[1;34mINFO[m] 
[[1;34mINFO[m] [1m--- [0;32mmaven-enforcer-plugin:3.0.0-M3:enforce[m [1m(enforce-maven-version)[m @ [36mcommons-numbers-complex[0;1m ---[m
[[1;34mINFO[m] 
[[1;34mINFO[m] [1m--- [0;32mmaven-enforcer-plugin:3.0.0-M3:enforce[m [1m(enforce-maven-3)[m @ [36mcommons-numbers-complex[0;1m ---[m
[[1;34mINFO[m] 
[[1;34mINFO[m] [1m--- [0;32mapache-rat-plugin:0.13:check[m [1m(rat-check)[m @ [36mcommons-numbers-complex[0;1m ---[m
[[1;34mINFO[m] RAT will not execute since it is configured to be skipped via system property 'rat.skip'.
[[1;34mINFO[m] 
[[1;34mINFO[m] [1m--- [0;32mbuild-helper-maven-plugin:3.1.0:parse-version[m [1m(parse-version)[m @ [36mcommons-numbers-complex[0;1m ---[m
[[1;34mINFO[m] 
[[1;34mINFO[m] [1m--- [0;32mmaven-antrun-plugin:1.8:run[m [1m(javadoc.resources)[m @ [36mcommons-numbers-complex[0;1m ---[m
[[1;34mINFO[m] Executing tasks

main:
     [copy] Copying 2 files to /media/ISSTA_USER/extradrive1/toga-eval-issta-2023/backup_issta_paper/final-evosuite-tests/evosuite-artifacts/commons-numbers-1.0-src/commons-numbers-complex/target/apidocs/META-INF
[[1;34mINFO[m] Executed tasks
[[1;34mINFO[m] 
[[1;34mINFO[m] [1m--- [0;32mmaven-remote-resources-plugin:1.7.0:process[m [1m(process-resource-bundles)[m @ [36mcommons-numbers-complex[0;1m ---[m
[[1;34mINFO[m] Skipping remote resources execution.
[[1;34mINFO[m] 
[[1;34mINFO[m] [1m--- [0;32mbuildnumber-maven-plugin:1.4:create[m [1m(default)[m @ [36mcommons-numbers-complex[0;1m ---[m
[[1;34mINFO[m] Executing: /bin/sh -c cd '/media/ISSTA_USER/extradrive1/toga-eval-issta-2023/backup_issta_paper/final-evosuite-tests/evosuite-artifacts/commons-numbers-1.0-src/commons-numbers-complex' && 'git' 'rev-parse' '--verify' 'HEAD'
[[1;34mINFO[m] Working directory: /media/ISSTA_USER/extradrive1/toga-eval-issta-2023/backup_issta_paper/final-evosuite-tests/evosuite-artifacts/commons-numbers-1.0-src/commons-numbers-complex
[[1;34mINFO[m] Storing buildNumber: ?????? at timestamp: 1667750081318
[[1;33mWARNING[m] Cannot get the branch information from the git repository: 
Detecting the current branch failed: fatal: not a git repository (or any parent up to mount point /media/ISSTA_USER)
Stopping at filesystem boundary (GIT_DISCOVERY_ACROSS_FILESYSTEM not set).

[[1;34mINFO[m] Executing: /bin/sh -c cd '/media/ISSTA_USER/extradrive1/toga-eval-issta-2023/backup_issta_paper/final-evosuite-tests/evosuite-artifacts/commons-numbers-1.0-src/commons-numbers-complex' && 'git' 'rev-parse' '--verify' 'HEAD'
[[1;34mINFO[m] Working directory: /media/ISSTA_USER/extradrive1/toga-eval-issta-2023/backup_issta_paper/final-evosuite-tests/evosuite-artifacts/commons-numbers-1.0-src/commons-numbers-complex
[[1;34mINFO[m] Storing buildScmBranch: UNKNOWN_BRANCH
[[1;34mINFO[m] 
[[1;34mINFO[m] [1m--- [0;32mmaven-resources-plugin:3.1.0:resources[m [1m(default-resources)[m @ [36mcommons-numbers-complex[0;1m ---[m
[[1;34mINFO[m] Using 'UTF-8' encoding to copy filtered resources.
[[1;34mINFO[m] skip non existing resourceDirectory /media/ISSTA_USER/extradrive1/toga-eval-issta-2023/backup_issta_paper/final-evosuite-tests/evosuite-artifacts/commons-numbers-1.0-src/commons-numbers-complex/src/main/resources
[[1;34mINFO[m] Copying 2 resources to META-INF
[[1;34mINFO[m] 
[[1;34mINFO[m] [1m--- [0;32mmaven-compiler-plugin:3.8.1:compile[m [1m(default-compile)[m @ [36mcommons-numbers-complex[0;1m ---[m
[[1;34mINFO[m] Changes detected - recompiling the module!
[[1;34mINFO[m] Compiling 2 source files to /media/ISSTA_USER/extradrive1/toga-eval-issta-2023/backup_issta_paper/final-evosuite-tests/evosuite-artifacts/commons-numbers-1.0-src/commons-numbers-complex/target/classes
[[1;34mINFO[m] 
[[1;34mINFO[m] [1m--- [0;32mmaven-bundle-plugin:4.2.1:manifest[m [1m(bundle-manifest)[m @ [36mcommons-numbers-complex[0;1m ---[m
[[1;34mINFO[m] 
[[1;34mINFO[m] [1m--- [0;32manimal-sniffer-maven-plugin:1.18:check[m [1m(checkAPIcompatibility)[m @ [36mcommons-numbers-complex[0;1m ---[m
[[1;34mINFO[m] Checking unresolved references to org.codehaus.mojo.signature:java18:1.0
[[1;34mINFO[m] 
[[1;34mINFO[m] [1m--- [0;32mmaven-resources-plugin:3.1.0:testResources[m [1m(default-testResources)[m @ [36mcommons-numbers-complex[0;1m ---[m
[[1;34mINFO[m] Using 'UTF-8' encoding to copy filtered resources.
[[1;34mINFO[m] skip non existing resourceDirectory /media/ISSTA_USER/extradrive1/toga-eval-issta-2023/backup_issta_paper/final-evosuite-tests/evosuite-artifacts/commons-numbers-1.0-src/commons-numbers-complex/src/test/resources
[[1;34mINFO[m] Copying 2 resources to META-INF
[[1;34mINFO[m] 
[[1;34mINFO[m] [1m--- [0;32mmaven-compiler-plugin:3.8.1:testCompile[m [1m(default-testCompile)[m @ [36mcommons-numbers-complex[0;1m ---[m
[[1;34mINFO[m] Changes detected - recompiling the module!
[[1;34mINFO[m] Compiling 2 source files to /media/ISSTA_USER/extradrive1/toga-eval-issta-2023/backup_issta_paper/final-evosuite-tests/evosuite-artifacts/commons-numbers-1.0-src/commons-numbers-complex/target/test-classes
[[1;34mINFO[m] 
[[1;34mINFO[m] [1m--- [0;32mevosuite-maven-plugin:1.0.6:prepare[m [1m(default)[m @ [36mcommons-numbers-complex[0;1m ---[m
[[1;34mINFO[m] Preparing EvoSuite tests for execution
[[1;34mINFO[m] Analyzing test folder: /media/ISSTA_USER/extradrive1/toga-eval-issta-2023/backup_issta_paper/final-evosuite-tests/evosuite-artifacts/commons-numbers-1.0-src/commons-numbers-complex/target/test-classes
[[1;34mINFO[m] Found 1 EvoSuite scaffolding files
[[1;34mINFO[m] 
[[1;34mINFO[m] [1m--- [0;32mjacoco-maven-plugin:0.8.5:prepare-agent[m [1m(prepare-agent)[m @ [36mcommons-numbers-complex[0;1m ---[m
[[1;34mINFO[m] argLine set to -javaagent:/home/ISSTA_USER/.m2/repository/org/jacoco/org.jacoco.agent/0.8.5/org.jacoco.agent-0.8.5-runtime.jar=destfile=/media/ISSTA_USER/extradrive1/toga-eval-issta-2023/backup_issta_paper/final-evosuite-tests/evosuite-artifacts/commons-numbers-1.0-src/commons-numbers-complex/target/jacoco.exec
[[1;34mINFO[m] 
[[1;34mINFO[m] [1m--- [0;32mmaven-surefire-plugin:2.17:test[m [1m(default-test)[m @ [36mcommons-numbers-complex[0;1m ---[m
[[1;34mINFO[m] Surefire report directory: /media/ISSTA_USER/extradrive1/toga-eval-issta-2023/backup_issta_paper/final-evosuite-tests/evosuite-artifacts/commons-numbers-1.0-src/commons-numbers-complex/target/surefire-reports

-------------------------------------------------------
 T E S T S
-------------------------------------------------------
Executing org.evosuite.runtime.InitializingListener
Running org.apache.commons.numbers.complex.Complex_ESTest
Tests run: 136, Failures: 0, Errors: 0, Skipped: 0, Time elapsed: 0.318 sec - in org.apache.commons.numbers.complex.Complex_ESTest

Results :

Tests run: 136, Failures: 0, Errors: 0, Skipped: 0

[[1;34mINFO[m] 
[[1;34mINFO[m] [1m-------------< [0;36morg.apache.commons:commons-numbers-primes[0;1m >--------------[m
[[1;34mINFO[m] [1mBuilding Apache Commons Numbers Primes 1.0                        [4/12][m
[[1;34mINFO[m] [1m--------------------------------[ jar ]---------------------------------[m
[[1;34mINFO[m] 
[[1;34mINFO[m] [1m--- [0;32mmaven-clean-plugin:3.1.0:clean[m [1m(default-clean)[m @ [36mcommons-numbers-primes[0;1m ---[m
[[1;34mINFO[m] Deleting /media/ISSTA_USER/extradrive1/toga-eval-issta-2023/backup_issta_paper/final-evosuite-tests/evosuite-artifacts/commons-numbers-1.0-src/commons-numbers-primes/target
[[1;34mINFO[m] 
[[1;34mINFO[m] [1m--- [0;32mmaven-enforcer-plugin:3.0.0-M3:enforce[m [1m(enforce-maven-version)[m @ [36mcommons-numbers-primes[0;1m ---[m
[[1;34mINFO[m] 
[[1;34mINFO[m] [1m--- [0;32mmaven-enforcer-plugin:3.0.0-M3:enforce[m [1m(enforce-maven-3)[m @ [36mcommons-numbers-primes[0;1m ---[m
[[1;34mINFO[m] 
[[1;34mINFO[m] [1m--- [0;32mapache-rat-plugin:0.13:check[m [1m(rat-check)[m @ [36mcommons-numbers-primes[0;1m ---[m
[[1;34mINFO[m] RAT will not execute since it is configured to be skipped via system property 'rat.skip'.
[[1;34mINFO[m] 
[[1;34mINFO[m] [1m--- [0;32mbuild-helper-maven-plugin:3.1.0:parse-version[m [1m(parse-version)[m @ [36mcommons-numbers-primes[0;1m ---[m
[[1;34mINFO[m] 
[[1;34mINFO[m] [1m--- [0;32mmaven-antrun-plugin:1.8:run[m [1m(javadoc.resources)[m @ [36mcommons-numbers-primes[0;1m ---[m
[[1;34mINFO[m] Executing tasks

main:
[[1;34mINFO[m] Executed tasks
[[1;34mINFO[m] 
[[1;34mINFO[m] [1m--- [0;32mmaven-remote-resources-plugin:1.7.0:process[m [1m(process-resource-bundles)[m @ [36mcommons-numbers-primes[0;1m ---[m
[[1;34mINFO[m] Skipping remote resources execution.
[[1;34mINFO[m] 
[[1;34mINFO[m] [1m--- [0;32mbuildnumber-maven-plugin:1.4:create[m [1m(default)[m @ [36mcommons-numbers-primes[0;1m ---[m
[[1;34mINFO[m] Executing: /bin/sh -c cd '/media/ISSTA_USER/extradrive1/toga-eval-issta-2023/backup_issta_paper/final-evosuite-tests/evosuite-artifacts/commons-numbers-1.0-src/commons-numbers-primes' && 'git' 'rev-parse' '--verify' 'HEAD'
[[1;34mINFO[m] Working directory: /media/ISSTA_USER/extradrive1/toga-eval-issta-2023/backup_issta_paper/final-evosuite-tests/evosuite-artifacts/commons-numbers-1.0-src/commons-numbers-primes
[[1;34mINFO[m] Storing buildNumber: ?????? at timestamp: 1667750083028
[[1;33mWARNING[m] Cannot get the branch information from the git repository: 
Detecting the current branch failed: fatal: not a git repository (or any parent up to mount point /media/ISSTA_USER)
Stopping at filesystem boundary (GIT_DISCOVERY_ACROSS_FILESYSTEM not set).

[[1;34mINFO[m] Executing: /bin/sh -c cd '/media/ISSTA_USER/extradrive1/toga-eval-issta-2023/backup_issta_paper/final-evosuite-tests/evosuite-artifacts/commons-numbers-1.0-src/commons-numbers-primes' && 'git' 'rev-parse' '--verify' 'HEAD'
[[1;34mINFO[m] Working directory: /media/ISSTA_USER/extradrive1/toga-eval-issta-2023/backup_issta_paper/final-evosuite-tests/evosuite-artifacts/commons-numbers-1.0-src/commons-numbers-primes
[[1;34mINFO[m] Storing buildScmBranch: UNKNOWN_BRANCH
[[1;34mINFO[m] 
[[1;34mINFO[m] [1m--- [0;32mmaven-resources-plugin:3.1.0:resources[m [1m(default-resources)[m @ [36mcommons-numbers-primes[0;1m ---[m
[[1;34mINFO[m] Using 'UTF-8' encoding to copy filtered resources.
[[1;34mINFO[m] skip non existing resourceDirectory /media/ISSTA_USER/extradrive1/toga-eval-issta-2023/backup_issta_paper/final-evosuite-tests/evosuite-artifacts/commons-numbers-1.0-src/commons-numbers-primes/src/main/resources
[[1;34mINFO[m] Copying 0 resource to META-INF
[[1;34mINFO[m] 
[[1;34mINFO[m] [1m--- [0;32mmaven-compiler-plugin:3.8.1:compile[m [1m(default-compile)[m @ [36mcommons-numbers-primes[0;1m ---[m
[[1;34mINFO[m] Changes detected - recompiling the module!
[[1;34mINFO[m] Compiling 3 source files to /media/ISSTA_USER/extradrive1/toga-eval-issta-2023/backup_issta_paper/final-evosuite-tests/evosuite-artifacts/commons-numbers-1.0-src/commons-numbers-primes/target/classes
[[1;34mINFO[m] 
[[1;34mINFO[m] [1m--- [0;32mmaven-bundle-plugin:4.2.1:manifest[m [1m(bundle-manifest)[m @ [36mcommons-numbers-primes[0;1m ---[m
[[1;34mINFO[m] 
[[1;34mINFO[m] [1m--- [0;32manimal-sniffer-maven-plugin:1.18:check[m [1m(checkAPIcompatibility)[m @ [36mcommons-numbers-primes[0;1m ---[m
[[1;34mINFO[m] Checking unresolved references to org.codehaus.mojo.signature:java18:1.0
[[1;34mINFO[m] 
[[1;34mINFO[m] [1m--- [0;32mmaven-resources-plugin:3.1.0:testResources[m [1m(default-testResources)[m @ [36mcommons-numbers-primes[0;1m ---[m
[[1;34mINFO[m] Using 'UTF-8' encoding to copy filtered resources.
[[1;34mINFO[m] skip non existing resourceDirectory /media/ISSTA_USER/extradrive1/toga-eval-issta-2023/backup_issta_paper/final-evosuite-tests/evosuite-artifacts/commons-numbers-1.0-src/commons-numbers-primes/src/test/resources
[[1;34mINFO[m] Copying 0 resource to META-INF
[[1;34mINFO[m] 
[[1;34mINFO[m] [1m--- [0;32mmaven-compiler-plugin:3.8.1:testCompile[m [1m(default-testCompile)[m @ [36mcommons-numbers-primes[0;1m ---[m
[[1;34mINFO[m] Changes detected - recompiling the module!
[[1;34mINFO[m] Compiling 4 source files to /media/ISSTA_USER/extradrive1/toga-eval-issta-2023/backup_issta_paper/final-evosuite-tests/evosuite-artifacts/commons-numbers-1.0-src/commons-numbers-primes/target/test-classes
[[1;34mINFO[m] 
[[1;34mINFO[m] [1m--- [0;32mevosuite-maven-plugin:1.0.6:prepare[m [1m(default)[m @ [36mcommons-numbers-primes[0;1m ---[m
[[1;34mINFO[m] Preparing EvoSuite tests for execution
[[1;34mINFO[m] Analyzing test folder: /media/ISSTA_USER/extradrive1/toga-eval-issta-2023/backup_issta_paper/final-evosuite-tests/evosuite-artifacts/commons-numbers-1.0-src/commons-numbers-primes/target/test-classes
[[1;34mINFO[m] Found 2 EvoSuite scaffolding files
[[1;34mINFO[m] 
[[1;34mINFO[m] [1m--- [0;32mjacoco-maven-plugin:0.8.5:prepare-agent[m [1m(prepare-agent)[m @ [36mcommons-numbers-primes[0;1m ---[m
[[1;34mINFO[m] argLine set to -javaagent:/home/ISSTA_USER/.m2/repository/org/jacoco/org.jacoco.agent/0.8.5/org.jacoco.agent-0.8.5-runtime.jar=destfile=/media/ISSTA_USER/extradrive1/toga-eval-issta-2023/backup_issta_paper/final-evosuite-tests/evosuite-artifacts/commons-numbers-1.0-src/commons-numbers-primes/target/jacoco.exec
[[1;34mINFO[m] 
[[1;34mINFO[m] [1m--- [0;32mmaven-surefire-plugin:2.17:test[m [1m(default-test)[m @ [36mcommons-numbers-primes[0;1m ---[m
[[1;34mINFO[m] Surefire report directory: /media/ISSTA_USER/extradrive1/toga-eval-issta-2023/backup_issta_paper/final-evosuite-tests/evosuite-artifacts/commons-numbers-1.0-src/commons-numbers-primes/target/surefire-reports

-------------------------------------------------------
 T E S T S
-------------------------------------------------------
Executing org.evosuite.runtime.InitializingListener
Running org.apache.commons.numbers.primes.Primes_ESTest
Tests run: 15, Failures: 0, Errors: 0, Skipped: 0, Time elapsed: 0.178 sec - in org.apache.commons.numbers.primes.Primes_ESTest
Running org.apache.commons.numbers.primes.SmallPrimes_ESTest
Tests run: 27, Failures: 0, Errors: 0, Skipped: 0, Time elapsed: 0.097 sec - in org.apache.commons.numbers.primes.SmallPrimes_ESTest

Results :

Tests run: 42, Failures: 0, Errors: 0, Skipped: 0

[[1;34mINFO[m] 
[[1;34mINFO[m] [1m-----------< [0;36morg.apache.commons:commons-numbers-quaternion[0;1m >------------[m
[[1;34mINFO[m] [1mBuilding Apache Commons Numbers Quaternion 1.0                    [5/12][m
[[1;34mINFO[m] [1m--------------------------------[ jar ]---------------------------------[m
[[1;34mINFO[m] 
[[1;34mINFO[m] [1m--- [0;32mmaven-clean-plugin:3.1.0:clean[m [1m(default-clean)[m @ [36mcommons-numbers-quaternion[0;1m ---[m
[[1;34mINFO[m] Deleting /media/ISSTA_USER/extradrive1/toga-eval-issta-2023/backup_issta_paper/final-evosuite-tests/evosuite-artifacts/commons-numbers-1.0-src/commons-numbers-quaternion/target
[[1;34mINFO[m] 
[[1;34mINFO[m] [1m--- [0;32mmaven-enforcer-plugin:3.0.0-M3:enforce[m [1m(enforce-maven-version)[m @ [36mcommons-numbers-quaternion[0;1m ---[m
[[1;34mINFO[m] 
[[1;34mINFO[m] [1m--- [0;32mmaven-enforcer-plugin:3.0.0-M3:enforce[m [1m(enforce-maven-3)[m @ [36mcommons-numbers-quaternion[0;1m ---[m
[[1;34mINFO[m] 
[[1;34mINFO[m] [1m--- [0;32mapache-rat-plugin:0.13:check[m [1m(rat-check)[m @ [36mcommons-numbers-quaternion[0;1m ---[m
[[1;34mINFO[m] RAT will not execute since it is configured to be skipped via system property 'rat.skip'.
[[1;34mINFO[m] 
[[1;34mINFO[m] [1m--- [0;32mbuild-helper-maven-plugin:3.1.0:parse-version[m [1m(parse-version)[m @ [36mcommons-numbers-quaternion[0;1m ---[m
[[1;34mINFO[m] 
[[1;34mINFO[m] [1m--- [0;32mmaven-antrun-plugin:1.8:run[m [1m(javadoc.resources)[m @ [36mcommons-numbers-quaternion[0;1m ---[m
[[1;34mINFO[m] Executing tasks

main:
     [copy] Copying 2 files to /media/ISSTA_USER/extradrive1/toga-eval-issta-2023/backup_issta_paper/final-evosuite-tests/evosuite-artifacts/commons-numbers-1.0-src/commons-numbers-quaternion/target/apidocs/META-INF
[[1;34mINFO[m] Executed tasks
[[1;34mINFO[m] 
[[1;34mINFO[m] [1m--- [0;32mmaven-remote-resources-plugin:1.7.0:process[m [1m(process-resource-bundles)[m @ [36mcommons-numbers-quaternion[0;1m ---[m
[[1;34mINFO[m] Skipping remote resources execution.
[[1;34mINFO[m] 
[[1;34mINFO[m] [1m--- [0;32mbuildnumber-maven-plugin:1.4:create[m [1m(default)[m @ [36mcommons-numbers-quaternion[0;1m ---[m
[[1;34mINFO[m] Executing: /bin/sh -c cd '/media/ISSTA_USER/extradrive1/toga-eval-issta-2023/backup_issta_paper/final-evosuite-tests/evosuite-artifacts/commons-numbers-1.0-src/commons-numbers-quaternion' && 'git' 'rev-parse' '--verify' 'HEAD'
[[1;34mINFO[m] Working directory: /media/ISSTA_USER/extradrive1/toga-eval-issta-2023/backup_issta_paper/final-evosuite-tests/evosuite-artifacts/commons-numbers-1.0-src/commons-numbers-quaternion
[[1;34mINFO[m] Storing buildNumber: ?????? at timestamp: 1667750084500
[[1;33mWARNING[m] Cannot get the branch information from the git repository: 
Detecting the current branch failed: fatal: not a git repository (or any parent up to mount point /media/ISSTA_USER)
Stopping at filesystem boundary (GIT_DISCOVERY_ACROSS_FILESYSTEM not set).

[[1;34mINFO[m] Executing: /bin/sh -c cd '/media/ISSTA_USER/extradrive1/toga-eval-issta-2023/backup_issta_paper/final-evosuite-tests/evosuite-artifacts/commons-numbers-1.0-src/commons-numbers-quaternion' && 'git' 'rev-parse' '--verify' 'HEAD'
[[1;34mINFO[m] Working directory: /media/ISSTA_USER/extradrive1/toga-eval-issta-2023/backup_issta_paper/final-evosuite-tests/evosuite-artifacts/commons-numbers-1.0-src/commons-numbers-quaternion
[[1;34mINFO[m] Storing buildScmBranch: UNKNOWN_BRANCH
[[1;34mINFO[m] 
[[1;34mINFO[m] [1m--- [0;32mmaven-resources-plugin:3.1.0:resources[m [1m(default-resources)[m @ [36mcommons-numbers-quaternion[0;1m ---[m
[[1;34mINFO[m] Using 'UTF-8' encoding to copy filtered resources.
[[1;34mINFO[m] skip non existing resourceDirectory /media/ISSTA_USER/extradrive1/toga-eval-issta-2023/backup_issta_paper/final-evosuite-tests/evosuite-artifacts/commons-numbers-1.0-src/commons-numbers-quaternion/src/main/resources
[[1;34mINFO[m] Copying 2 resources to META-INF
[[1;34mINFO[m] 
[[1;34mINFO[m] [1m--- [0;32mmaven-compiler-plugin:3.8.1:compile[m [1m(default-compile)[m @ [36mcommons-numbers-quaternion[0;1m ---[m
[[1;34mINFO[m] Changes detected - recompiling the module!
[[1;34mINFO[m] Compiling 3 source files to /media/ISSTA_USER/extradrive1/toga-eval-issta-2023/backup_issta_paper/final-evosuite-tests/evosuite-artifacts/commons-numbers-1.0-src/commons-numbers-quaternion/target/classes
[[1;34mINFO[m] 
[[1;34mINFO[m] [1m--- [0;32mmaven-bundle-plugin:4.2.1:manifest[m [1m(bundle-manifest)[m @ [36mcommons-numbers-quaternion[0;1m ---[m
[[1;34mINFO[m] 
[[1;34mINFO[m] [1m--- [0;32manimal-sniffer-maven-plugin:1.18:check[m [1m(checkAPIcompatibility)[m @ [36mcommons-numbers-quaternion[0;1m ---[m
[[1;34mINFO[m] Checking unresolved references to org.codehaus.mojo.signature:java18:1.0
[[1;34mINFO[m] 
[[1;34mINFO[m] [1m--- [0;32mmaven-resources-plugin:3.1.0:testResources[m [1m(default-testResources)[m @ [36mcommons-numbers-quaternion[0;1m ---[m
[[1;34mINFO[m] Using 'UTF-8' encoding to copy filtered resources.
[[1;34mINFO[m] skip non existing resourceDirectory /media/ISSTA_USER/extradrive1/toga-eval-issta-2023/backup_issta_paper/final-evosuite-tests/evosuite-artifacts/commons-numbers-1.0-src/commons-numbers-quaternion/src/test/resources
[[1;34mINFO[m] Copying 2 resources to META-INF
[[1;34mINFO[m] 
[[1;34mINFO[m] [1m--- [0;32mmaven-compiler-plugin:3.8.1:testCompile[m [1m(default-testCompile)[m @ [36mcommons-numbers-quaternion[0;1m ---[m
[[1;34mINFO[m] Changes detected - recompiling the module!
[[1;34mINFO[m] Compiling 4 source files to /media/ISSTA_USER/extradrive1/toga-eval-issta-2023/backup_issta_paper/final-evosuite-tests/evosuite-artifacts/commons-numbers-1.0-src/commons-numbers-quaternion/target/test-classes
[[1;34mINFO[m] 
[[1;34mINFO[m] [1m--- [0;32mevosuite-maven-plugin:1.0.6:prepare[m [1m(default)[m @ [36mcommons-numbers-quaternion[0;1m ---[m
[[1;34mINFO[m] Preparing EvoSuite tests for execution
[[1;34mINFO[m] Analyzing test folder: /media/ISSTA_USER/extradrive1/toga-eval-issta-2023/backup_issta_paper/final-evosuite-tests/evosuite-artifacts/commons-numbers-1.0-src/commons-numbers-quaternion/target/test-classes
[[1;34mINFO[m] Found 2 EvoSuite scaffolding files
[[1;34mINFO[m] 
[[1;34mINFO[m] [1m--- [0;32mjacoco-maven-plugin:0.8.5:prepare-agent[m [1m(prepare-agent)[m @ [36mcommons-numbers-quaternion[0;1m ---[m
[[1;34mINFO[m] argLine set to -javaagent:/home/ISSTA_USER/.m2/repository/org/jacoco/org.jacoco.agent/0.8.5/org.jacoco.agent-0.8.5-runtime.jar=destfile=/media/ISSTA_USER/extradrive1/toga-eval-issta-2023/backup_issta_paper/final-evosuite-tests/evosuite-artifacts/commons-numbers-1.0-src/commons-numbers-quaternion/target/jacoco.exec
[[1;34mINFO[m] 
[[1;34mINFO[m] [1m--- [0;32mmaven-surefire-plugin:2.17:test[m [1m(default-test)[m @ [36mcommons-numbers-quaternion[0;1m ---[m
[[1;34mINFO[m] Surefire report directory: /media/ISSTA_USER/extradrive1/toga-eval-issta-2023/backup_issta_paper/final-evosuite-tests/evosuite-artifacts/commons-numbers-1.0-src/commons-numbers-quaternion/target/surefire-reports

-------------------------------------------------------
 T E S T S
-------------------------------------------------------
Executing org.evosuite.runtime.InitializingListener
Running org.apache.commons.numbers.quaternion.Slerp_ESTest
Tests run: 9, Failures: 0, Errors: 0, Skipped: 0, Time elapsed: 0.192 sec - in org.apache.commons.numbers.quaternion.Slerp_ESTest
Running org.apache.commons.numbers.quaternion.Quaternion_ESTest
Tests run: 135, Failures: 0, Errors: 0, Skipped: 0, Time elapsed: 0.148 sec - in org.apache.commons.numbers.quaternion.Quaternion_ESTest

Results :

Tests run: 144, Failures: 0, Errors: 0, Skipped: 0

[[1;34mINFO[m] 
[[1;34mINFO[m] [1m------------< [0;36morg.apache.commons:commons-numbers-fraction[0;1m >-------------[m
[[1;34mINFO[m] [1mBuilding Apache Commons Numbers Fraction 1.0                      [6/12][m
[[1;34mINFO[m] [1m--------------------------------[ jar ]---------------------------------[m
[[1;34mINFO[m] 
[[1;34mINFO[m] [1m--- [0;32mmaven-clean-plugin:3.1.0:clean[m [1m(default-clean)[m @ [36mcommons-numbers-fraction[0;1m ---[m
[[1;34mINFO[m] Deleting /media/ISSTA_USER/extradrive1/toga-eval-issta-2023/backup_issta_paper/final-evosuite-tests/evosuite-artifacts/commons-numbers-1.0-src/commons-numbers-fraction/target
[[1;34mINFO[m] 
[[1;34mINFO[m] [1m--- [0;32mmaven-enforcer-plugin:3.0.0-M3:enforce[m [1m(enforce-maven-version)[m @ [36mcommons-numbers-fraction[0;1m ---[m
[[1;34mINFO[m] 
[[1;34mINFO[m] [1m--- [0;32mmaven-enforcer-plugin:3.0.0-M3:enforce[m [1m(enforce-maven-3)[m @ [36mcommons-numbers-fraction[0;1m ---[m
[[1;34mINFO[m] 
[[1;34mINFO[m] [1m--- [0;32mapache-rat-plugin:0.13:check[m [1m(rat-check)[m @ [36mcommons-numbers-fraction[0;1m ---[m
[[1;34mINFO[m] RAT will not execute since it is configured to be skipped via system property 'rat.skip'.
[[1;34mINFO[m] 
[[1;34mINFO[m] [1m--- [0;32mbuild-helper-maven-plugin:3.1.0:parse-version[m [1m(parse-version)[m @ [36mcommons-numbers-fraction[0;1m ---[m
[[1;34mINFO[m] 
[[1;34mINFO[m] [1m--- [0;32mmaven-antrun-plugin:1.8:run[m [1m(javadoc.resources)[m @ [36mcommons-numbers-fraction[0;1m ---[m
[[1;34mINFO[m] Executing tasks

main:
     [copy] Copying 2 files to /media/ISSTA_USER/extradrive1/toga-eval-issta-2023/backup_issta_paper/final-evosuite-tests/evosuite-artifacts/commons-numbers-1.0-src/commons-numbers-fraction/target/apidocs/META-INF
[[1;34mINFO[m] Executed tasks
[[1;34mINFO[m] 
[[1;34mINFO[m] [1m--- [0;32mmaven-remote-resources-plugin:1.7.0:process[m [1m(process-resource-bundles)[m @ [36mcommons-numbers-fraction[0;1m ---[m
[[1;34mINFO[m] Skipping remote resources execution.
[[1;34mINFO[m] 
[[1;34mINFO[m] [1m--- [0;32mbuildnumber-maven-plugin:1.4:create[m [1m(default)[m @ [36mcommons-numbers-fraction[0;1m ---[m
[[1;34mINFO[m] Executing: /bin/sh -c cd '/media/ISSTA_USER/extradrive1/toga-eval-issta-2023/backup_issta_paper/final-evosuite-tests/evosuite-artifacts/commons-numbers-1.0-src/commons-numbers-fraction' && 'git' 'rev-parse' '--verify' 'HEAD'
[[1;34mINFO[m] Working directory: /media/ISSTA_USER/extradrive1/toga-eval-issta-2023/backup_issta_paper/final-evosuite-tests/evosuite-artifacts/commons-numbers-1.0-src/commons-numbers-fraction
[[1;34mINFO[m] Storing buildNumber: ?????? at timestamp: 1667750086154
[[1;33mWARNING[m] Cannot get the branch information from the git repository: 
Detecting the current branch failed: fatal: not a git repository (or any parent up to mount point /media/ISSTA_USER)
Stopping at filesystem boundary (GIT_DISCOVERY_ACROSS_FILESYSTEM not set).

[[1;34mINFO[m] Executing: /bin/sh -c cd '/media/ISSTA_USER/extradrive1/toga-eval-issta-2023/backup_issta_paper/final-evosuite-tests/evosuite-artifacts/commons-numbers-1.0-src/commons-numbers-fraction' && 'git' 'rev-parse' '--verify' 'HEAD'
[[1;34mINFO[m] Working directory: /media/ISSTA_USER/extradrive1/toga-eval-issta-2023/backup_issta_paper/final-evosuite-tests/evosuite-artifacts/commons-numbers-1.0-src/commons-numbers-fraction
[[1;34mINFO[m] Storing buildScmBranch: UNKNOWN_BRANCH
[[1;34mINFO[m] 
[[1;34mINFO[m] [1m--- [0;32mmaven-resources-plugin:3.1.0:resources[m [1m(default-resources)[m @ [36mcommons-numbers-fraction[0;1m ---[m
[[1;34mINFO[m] Using 'UTF-8' encoding to copy filtered resources.
[[1;34mINFO[m] skip non existing resourceDirectory /media/ISSTA_USER/extradrive1/toga-eval-issta-2023/backup_issta_paper/final-evosuite-tests/evosuite-artifacts/commons-numbers-1.0-src/commons-numbers-fraction/src/main/resources
[[1;34mINFO[m] Copying 2 resources to META-INF
[[1;34mINFO[m] 
[[1;34mINFO[m] [1m--- [0;32mmaven-compiler-plugin:3.8.1:compile[m [1m(default-compile)[m @ [36mcommons-numbers-fraction[0;1m ---[m
[[1;34mINFO[m] Changes detected - recompiling the module!
[[1;34mINFO[m] Compiling 5 source files to /media/ISSTA_USER/extradrive1/toga-eval-issta-2023/backup_issta_paper/final-evosuite-tests/evosuite-artifacts/commons-numbers-1.0-src/commons-numbers-fraction/target/classes
[[1;34mINFO[m] 
[[1;34mINFO[m] [1m--- [0;32mmaven-bundle-plugin:4.2.1:manifest[m [1m(bundle-manifest)[m @ [36mcommons-numbers-fraction[0;1m ---[m
[[1;34mINFO[m] 
[[1;34mINFO[m] [1m--- [0;32manimal-sniffer-maven-plugin:1.18:check[m [1m(checkAPIcompatibility)[m @ [36mcommons-numbers-fraction[0;1m ---[m
[[1;34mINFO[m] Checking unresolved references to org.codehaus.mojo.signature:java18:1.0
[[1;34mINFO[m] 
[[1;34mINFO[m] [1m--- [0;32mmaven-resources-plugin:3.1.0:testResources[m [1m(default-testResources)[m @ [36mcommons-numbers-fraction[0;1m ---[m
[[1;34mINFO[m] Using 'UTF-8' encoding to copy filtered resources.
[[1;34mINFO[m] skip non existing resourceDirectory /media/ISSTA_USER/extradrive1/toga-eval-issta-2023/backup_issta_paper/final-evosuite-tests/evosuite-artifacts/commons-numbers-1.0-src/commons-numbers-fraction/src/test/resources
[[1;34mINFO[m] Copying 2 resources to META-INF
[[1;34mINFO[m] 
[[1;34mINFO[m] [1m--- [0;32mmaven-compiler-plugin:3.8.1:testCompile[m [1m(default-testCompile)[m @ [36mcommons-numbers-fraction[0;1m ---[m
[[1;34mINFO[m] Changes detected - recompiling the module!
[[1;34mINFO[m] Compiling 8 source files to /media/ISSTA_USER/extradrive1/toga-eval-issta-2023/backup_issta_paper/final-evosuite-tests/evosuite-artifacts/commons-numbers-1.0-src/commons-numbers-fraction/target/test-classes
[[1;34mINFO[m] 
[[1;34mINFO[m] [1m--- [0;32mevosuite-maven-plugin:1.0.6:prepare[m [1m(default)[m @ [36mcommons-numbers-fraction[0;1m ---[m
[[1;34mINFO[m] Preparing EvoSuite tests for execution
[[1;34mINFO[m] Analyzing test folder: /media/ISSTA_USER/extradrive1/toga-eval-issta-2023/backup_issta_paper/final-evosuite-tests/evosuite-artifacts/commons-numbers-1.0-src/commons-numbers-fraction/target/test-classes
[[1;34mINFO[m] Found 4 EvoSuite scaffolding files
[[1;34mINFO[m] 
[[1;34mINFO[m] [1m--- [0;32mjacoco-maven-plugin:0.8.5:prepare-agent[m [1m(prepare-agent)[m @ [36mcommons-numbers-fraction[0;1m ---[m
[[1;34mINFO[m] argLine set to -javaagent:/home/ISSTA_USER/.m2/repository/org/jacoco/org.jacoco.agent/0.8.5/org.jacoco.agent-0.8.5-runtime.jar=destfile=/media/ISSTA_USER/extradrive1/toga-eval-issta-2023/backup_issta_paper/final-evosuite-tests/evosuite-artifacts/commons-numbers-1.0-src/commons-numbers-fraction/target/jacoco.exec
[[1;34mINFO[m] 
[[1;34mINFO[m] [1m--- [0;32mmaven-surefire-plugin:2.17:test[m [1m(default-test)[m @ [36mcommons-numbers-fraction[0;1m ---[m
[[1;34mINFO[m] Surefire report directory: /media/ISSTA_USER/extradrive1/toga-eval-issta-2023/backup_issta_paper/final-evosuite-tests/evosuite-artifacts/commons-numbers-1.0-src/commons-numbers-fraction/target/surefire-reports

-------------------------------------------------------
 T E S T S
-------------------------------------------------------
Executing org.evosuite.runtime.InitializingListener
Running org.apache.commons.numbers.fraction.ContinuedFraction_ESTest
Tests run: 1, Failures: 0, Errors: 0, Skipped: 0, Time elapsed: 0.131 sec - in org.apache.commons.numbers.fraction.ContinuedFraction_ESTest
Running org.apache.commons.numbers.fraction.Fraction_ESTest
Tests run: 125, Failures: 0, Errors: 0, Skipped: 0, Time elapsed: 0.153 sec - in org.apache.commons.numbers.fraction.Fraction_ESTest
Running org.apache.commons.numbers.fraction.BigFraction_ESTest
Tests run: 145, Failures: 0, Errors: 0, Skipped: 0, Time elapsed: 0.258 sec - in org.apache.commons.numbers.fraction.BigFraction_ESTest
Running org.apache.commons.numbers.fraction.FractionException_ESTest
Tests run: 6, Failures: 0, Errors: 0, Skipped: 0, Time elapsed: 0.005 sec - in org.apache.commons.numbers.fraction.FractionException_ESTest

Results :

Tests run: 277, Failures: 0, Errors: 0, Skipped: 0

[[1;34mINFO[m] 
[[1;34mINFO[m] [1m--------------< [0;36morg.apache.commons:commons-numbers-angle[0;1m >--------------[m
[[1;34mINFO[m] [1mBuilding Apache Commons Numbers Angle 1.0                         [7/12][m
[[1;34mINFO[m] [1m--------------------------------[ jar ]---------------------------------[m
[[1;34mINFO[m] 
[[1;34mINFO[m] [1m--- [0;32mmaven-clean-plugin:3.1.0:clean[m [1m(default-clean)[m @ [36mcommons-numbers-angle[0;1m ---[m
[[1;34mINFO[m] Deleting /media/ISSTA_USER/extradrive1/toga-eval-issta-2023/backup_issta_paper/final-evosuite-tests/evosuite-artifacts/commons-numbers-1.0-src/commons-numbers-angle/target
[[1;34mINFO[m] 
[[1;34mINFO[m] [1m--- [0;32mmaven-enforcer-plugin:3.0.0-M3:enforce[m [1m(enforce-maven-version)[m @ [36mcommons-numbers-angle[0;1m ---[m
[[1;34mINFO[m] 
[[1;34mINFO[m] [1m--- [0;32mmaven-enforcer-plugin:3.0.0-M3:enforce[m [1m(enforce-maven-3)[m @ [36mcommons-numbers-angle[0;1m ---[m
[[1;34mINFO[m] 
[[1;34mINFO[m] [1m--- [0;32mapache-rat-plugin:0.13:check[m [1m(rat-check)[m @ [36mcommons-numbers-angle[0;1m ---[m
[[1;34mINFO[m] RAT will not execute since it is configured to be skipped via system property 'rat.skip'.
[[1;34mINFO[m] 
[[1;34mINFO[m] [1m--- [0;32mbuild-helper-maven-plugin:3.1.0:parse-version[m [1m(parse-version)[m @ [36mcommons-numbers-angle[0;1m ---[m
[[1;34mINFO[m] 
[[1;34mINFO[m] [1m--- [0;32mmaven-antrun-plugin:1.8:run[m [1m(javadoc.resources)[m @ [36mcommons-numbers-angle[0;1m ---[m
[[1;34mINFO[m] Executing tasks

main:
     [copy] Copying 2 files to /media/ISSTA_USER/extradrive1/toga-eval-issta-2023/backup_issta_paper/final-evosuite-tests/evosuite-artifacts/commons-numbers-1.0-src/commons-numbers-angle/target/apidocs/META-INF
[[1;34mINFO[m] Executed tasks
[[1;34mINFO[m] 
[[1;34mINFO[m] [1m--- [0;32mmaven-remote-resources-plugin:1.7.0:process[m [1m(process-resource-bundles)[m @ [36mcommons-numbers-angle[0;1m ---[m
[[1;34mINFO[m] Skipping remote resources execution.
[[1;34mINFO[m] 
[[1;34mINFO[m] [1m--- [0;32mbuildnumber-maven-plugin:1.4:create[m [1m(default)[m @ [36mcommons-numbers-angle[0;1m ---[m
[[1;34mINFO[m] Executing: /bin/sh -c cd '/media/ISSTA_USER/extradrive1/toga-eval-issta-2023/backup_issta_paper/final-evosuite-tests/evosuite-artifacts/commons-numbers-1.0-src/commons-numbers-angle' && 'git' 'rev-parse' '--verify' 'HEAD'
[[1;34mINFO[m] Working directory: /media/ISSTA_USER/extradrive1/toga-eval-issta-2023/backup_issta_paper/final-evosuite-tests/evosuite-artifacts/commons-numbers-1.0-src/commons-numbers-angle
[[1;34mINFO[m] Storing buildNumber: ?????? at timestamp: 1667750088528
[[1;33mWARNING[m] Cannot get the branch information from the git repository: 
Detecting the current branch failed: fatal: not a git repository (or any parent up to mount point /media/ISSTA_USER)
Stopping at filesystem boundary (GIT_DISCOVERY_ACROSS_FILESYSTEM not set).

[[1;34mINFO[m] Executing: /bin/sh -c cd '/media/ISSTA_USER/extradrive1/toga-eval-issta-2023/backup_issta_paper/final-evosuite-tests/evosuite-artifacts/commons-numbers-1.0-src/commons-numbers-angle' && 'git' 'rev-parse' '--verify' 'HEAD'
[[1;34mINFO[m] Working directory: /media/ISSTA_USER/extradrive1/toga-eval-issta-2023/backup_issta_paper/final-evosuite-tests/evosuite-artifacts/commons-numbers-1.0-src/commons-numbers-angle
[[1;34mINFO[m] Storing buildScmBranch: UNKNOWN_BRANCH
[[1;34mINFO[m] 
[[1;34mINFO[m] [1m--- [0;32mmaven-resources-plugin:3.1.0:resources[m [1m(default-resources)[m @ [36mcommons-numbers-angle[0;1m ---[m
[[1;34mINFO[m] Using 'UTF-8' encoding to copy filtered resources.
[[1;34mINFO[m] skip non existing resourceDirectory /media/ISSTA_USER/extradrive1/toga-eval-issta-2023/backup_issta_paper/final-evosuite-tests/evosuite-artifacts/commons-numbers-1.0-src/commons-numbers-angle/src/main/resources
[[1;34mINFO[m] Copying 2 resources to META-INF
[[1;34mINFO[m] 
[[1;34mINFO[m] [1m--- [0;32mmaven-compiler-plugin:3.8.1:compile[m [1m(default-compile)[m @ [36mcommons-numbers-angle[0;1m ---[m
[[1;34mINFO[m] Changes detected - recompiling the module!
[[1;34mINFO[m] Compiling 4 source files to /media/ISSTA_USER/extradrive1/toga-eval-issta-2023/backup_issta_paper/final-evosuite-tests/evosuite-artifacts/commons-numbers-1.0-src/commons-numbers-angle/target/classes
[[1;34mINFO[m] 
[[1;34mINFO[m] [1m--- [0;32mmaven-bundle-plugin:4.2.1:manifest[m [1m(bundle-manifest)[m @ [36mcommons-numbers-angle[0;1m ---[m
[[1;34mINFO[m] 
[[1;34mINFO[m] [1m--- [0;32manimal-sniffer-maven-plugin:1.18:check[m [1m(checkAPIcompatibility)[m @ [36mcommons-numbers-angle[0;1m ---[m
[[1;34mINFO[m] Checking unresolved references to org.codehaus.mojo.signature:java18:1.0
[[1;34mINFO[m] 
[[1;34mINFO[m] [1m--- [0;32mmaven-resources-plugin:3.1.0:testResources[m [1m(default-testResources)[m @ [36mcommons-numbers-angle[0;1m ---[m
[[1;34mINFO[m] Using 'UTF-8' encoding to copy filtered resources.
[[1;34mINFO[m] skip non existing resourceDirectory /media/ISSTA_USER/extradrive1/toga-eval-issta-2023/backup_issta_paper/final-evosuite-tests/evosuite-artifacts/commons-numbers-1.0-src/commons-numbers-angle/src/test/resources
[[1;34mINFO[m] Copying 2 resources to META-INF
[[1;34mINFO[m] 
[[1;34mINFO[m] [1m--- [0;32mmaven-compiler-plugin:3.8.1:testCompile[m [1m(default-testCompile)[m @ [36mcommons-numbers-angle[0;1m ---[m
[[1;34mINFO[m] Changes detected - recompiling the module!
[[1;34mINFO[m] Compiling 6 source files to /media/ISSTA_USER/extradrive1/toga-eval-issta-2023/backup_issta_paper/final-evosuite-tests/evosuite-artifacts/commons-numbers-1.0-src/commons-numbers-angle/target/test-classes
[[1;34mINFO[m] 
[[1;34mINFO[m] [1m--- [0;32mevosuite-maven-plugin:1.0.6:prepare[m [1m(default)[m @ [36mcommons-numbers-angle[0;1m ---[m
[[1;34mINFO[m] Preparing EvoSuite tests for execution
[[1;34mINFO[m] Analyzing test folder: /media/ISSTA_USER/extradrive1/toga-eval-issta-2023/backup_issta_paper/final-evosuite-tests/evosuite-artifacts/commons-numbers-1.0-src/commons-numbers-angle/target/test-classes
[[1;34mINFO[m] Found 3 EvoSuite scaffolding files
[[1;34mINFO[m] 
[[1;34mINFO[m] [1m--- [0;32mjacoco-maven-plugin:0.8.5:prepare-agent[m [1m(prepare-agent)[m @ [36mcommons-numbers-angle[0;1m ---[m
[[1;34mINFO[m] argLine set to -javaagent:/home/ISSTA_USER/.m2/repository/org/jacoco/org.jacoco.agent/0.8.5/org.jacoco.agent-0.8.5-runtime.jar=destfile=/media/ISSTA_USER/extradrive1/toga-eval-issta-2023/backup_issta_paper/final-evosuite-tests/evosuite-artifacts/commons-numbers-1.0-src/commons-numbers-angle/target/jacoco.exec
[[1;34mINFO[m] 
[[1;34mINFO[m] [1m--- [0;32mmaven-surefire-plugin:2.17:test[m [1m(default-test)[m @ [36mcommons-numbers-angle[0;1m ---[m
[[1;34mINFO[m] Surefire report directory: /media/ISSTA_USER/extradrive1/toga-eval-issta-2023/backup_issta_paper/final-evosuite-tests/evosuite-artifacts/commons-numbers-1.0-src/commons-numbers-angle/target/surefire-reports

-------------------------------------------------------
 T E S T S
-------------------------------------------------------
Executing org.evosuite.runtime.InitializingListener
Running org.apache.commons.numbers.angle.Angle_ESTest
Tests run: 26, Failures: 0, Errors: 0, Skipped: 0, Time elapsed: 0.187 sec - in org.apache.commons.numbers.angle.Angle_ESTest
Running org.apache.commons.numbers.angle.CosAngle_ESTest
Tests run: 5, Failures: 0, Errors: 0, Skipped: 0, Time elapsed: 0.024 sec - in org.apache.commons.numbers.angle.CosAngle_ESTest
Running org.apache.commons.numbers.angle.Reduce_ESTest
Tests run: 3, Failures: 0, Errors: 0, Skipped: 0, Time elapsed: 0.01 sec - in org.apache.commons.numbers.angle.Reduce_ESTest

Results :

Tests run: 34, Failures: 0, Errors: 0, Skipped: 0

[[1;34mINFO[m] 
[[1;34mINFO[m] [1m--------------< [0;36morg.apache.commons:commons-numbers-gamma[0;1m >--------------[m
[[1;34mINFO[m] [1mBuilding Apache Commons Numbers Gamma 1.0                         [8/12][m
[[1;34mINFO[m] [1m--------------------------------[ jar ]---------------------------------[m
[[1;34mINFO[m] 
[[1;34mINFO[m] [1m--- [0;32mmaven-clean-plugin:3.1.0:clean[m [1m(default-clean)[m @ [36mcommons-numbers-gamma[0;1m ---[m
[[1;34mINFO[m] Deleting /media/ISSTA_USER/extradrive1/toga-eval-issta-2023/backup_issta_paper/final-evosuite-tests/evosuite-artifacts/commons-numbers-1.0-src/commons-numbers-gamma/target
[[1;34mINFO[m] 
[[1;34mINFO[m] [1m--- [0;32mmaven-enforcer-plugin:3.0.0-M3:enforce[m [1m(enforce-maven-version)[m @ [36mcommons-numbers-gamma[0;1m ---[m
[[1;34mINFO[m] 
[[1;34mINFO[m] [1m--- [0;32mmaven-enforcer-plugin:3.0.0-M3:enforce[m [1m(enforce-maven-3)[m @ [36mcommons-numbers-gamma[0;1m ---[m
[[1;34mINFO[m] 
[[1;34mINFO[m] [1m--- [0;32mapache-rat-plugin:0.13:check[m [1m(rat-check)[m @ [36mcommons-numbers-gamma[0;1m ---[m
[[1;34mINFO[m] RAT will not execute since it is configured to be skipped via system property 'rat.skip'.
[[1;34mINFO[m] 
[[1;34mINFO[m] [1m--- [0;32mbuild-helper-maven-plugin:3.1.0:parse-version[m [1m(parse-version)[m @ [36mcommons-numbers-gamma[0;1m ---[m
[[1;34mINFO[m] 
[[1;34mINFO[m] [1m--- [0;32mmaven-antrun-plugin:1.8:run[m [1m(javadoc.resources)[m @ [36mcommons-numbers-gamma[0;1m ---[m
[[1;34mINFO[m] Executing tasks

main:
     [copy] Copying 2 files to /media/ISSTA_USER/extradrive1/toga-eval-issta-2023/backup_issta_paper/final-evosuite-tests/evosuite-artifacts/commons-numbers-1.0-src/commons-numbers-gamma/target/apidocs/META-INF
[[1;34mINFO[m] Executed tasks
[[1;34mINFO[m] 
[[1;34mINFO[m] [1m--- [0;32mmaven-remote-resources-plugin:1.7.0:process[m [1m(process-resource-bundles)[m @ [36mcommons-numbers-gamma[0;1m ---[m
[[1;34mINFO[m] Skipping remote resources execution.
[[1;34mINFO[m] 
[[1;34mINFO[m] [1m--- [0;32mbuildnumber-maven-plugin:1.4:create[m [1m(default)[m @ [36mcommons-numbers-gamma[0;1m ---[m
[[1;34mINFO[m] Executing: /bin/sh -c cd '/media/ISSTA_USER/extradrive1/toga-eval-issta-2023/backup_issta_paper/final-evosuite-tests/evosuite-artifacts/commons-numbers-1.0-src/commons-numbers-gamma' && 'git' 'rev-parse' '--verify' 'HEAD'
[[1;34mINFO[m] Working directory: /media/ISSTA_USER/extradrive1/toga-eval-issta-2023/backup_issta_paper/final-evosuite-tests/evosuite-artifacts/commons-numbers-1.0-src/commons-numbers-gamma
[[1;34mINFO[m] Storing buildNumber: ?????? at timestamp: 1667750089951
[[1;33mWARNING[m] Cannot get the branch information from the git repository: 
Detecting the current branch failed: fatal: not a git repository (or any parent up to mount point /media/ISSTA_USER)
Stopping at filesystem boundary (GIT_DISCOVERY_ACROSS_FILESYSTEM not set).

[[1;34mINFO[m] Executing: /bin/sh -c cd '/media/ISSTA_USER/extradrive1/toga-eval-issta-2023/backup_issta_paper/final-evosuite-tests/evosuite-artifacts/commons-numbers-1.0-src/commons-numbers-gamma' && 'git' 'rev-parse' '--verify' 'HEAD'
[[1;34mINFO[m] Working directory: /media/ISSTA_USER/extradrive1/toga-eval-issta-2023/backup_issta_paper/final-evosuite-tests/evosuite-artifacts/commons-numbers-1.0-src/commons-numbers-gamma
[[1;34mINFO[m] Storing buildScmBranch: UNKNOWN_BRANCH
[[1;34mINFO[m] 
[[1;34mINFO[m] [1m--- [0;32mmaven-resources-plugin:3.1.0:resources[m [1m(default-resources)[m @ [36mcommons-numbers-gamma[0;1m ---[m
[[1;34mINFO[m] Using 'UTF-8' encoding to copy filtered resources.
[[1;34mINFO[m] skip non existing resourceDirectory /media/ISSTA_USER/extradrive1/toga-eval-issta-2023/backup_issta_paper/final-evosuite-tests/evosuite-artifacts/commons-numbers-1.0-src/commons-numbers-gamma/src/main/resources
[[1;34mINFO[m] Copying 2 resources to META-INF
[[1;34mINFO[m] 
[[1;34mINFO[m] [1m--- [0;32mmaven-compiler-plugin:3.8.1:compile[m [1m(default-compile)[m @ [36mcommons-numbers-gamma[0;1m ---[m
[[1;34mINFO[m] Changes detected - recompiling the module!
[[1;34mINFO[m] Compiling 18 source files to /media/ISSTA_USER/extradrive1/toga-eval-issta-2023/backup_issta_paper/final-evosuite-tests/evosuite-artifacts/commons-numbers-1.0-src/commons-numbers-gamma/target/classes
[[1;34mINFO[m] 
[[1;34mINFO[m] [1m--- [0;32mmaven-bundle-plugin:4.2.1:manifest[m [1m(bundle-manifest)[m @ [36mcommons-numbers-gamma[0;1m ---[m
[[1;34mINFO[m] 
[[1;34mINFO[m] [1m--- [0;32manimal-sniffer-maven-plugin:1.18:check[m [1m(checkAPIcompatibility)[m @ [36mcommons-numbers-gamma[0;1m ---[m
[[1;34mINFO[m] Checking unresolved references to org.codehaus.mojo.signature:java18:1.0
[[1;34mINFO[m] 
[[1;34mINFO[m] [1m--- [0;32mmaven-resources-plugin:3.1.0:testResources[m [1m(default-testResources)[m @ [36mcommons-numbers-gamma[0;1m ---[m
[[1;34mINFO[m] Using 'UTF-8' encoding to copy filtered resources.
[[1;34mINFO[m] skip non existing resourceDirectory /media/ISSTA_USER/extradrive1/toga-eval-issta-2023/backup_issta_paper/final-evosuite-tests/evosuite-artifacts/commons-numbers-1.0-src/commons-numbers-gamma/src/test/resources
[[1;34mINFO[m] Copying 2 resources to META-INF
[[1;34mINFO[m] 
[[1;34mINFO[m] [1m--- [0;32mmaven-compiler-plugin:3.8.1:testCompile[m [1m(default-testCompile)[m @ [36mcommons-numbers-gamma[0;1m ---[m
[[1;34mINFO[m] Changes detected - recompiling the module!
[[1;34mINFO[m] Compiling 32 source files to /media/ISSTA_USER/extradrive1/toga-eval-issta-2023/backup_issta_paper/final-evosuite-tests/evosuite-artifacts/commons-numbers-1.0-src/commons-numbers-gamma/target/test-classes
[[1;34mINFO[m] 
[[1;34mINFO[m] [1m--- [0;32mevosuite-maven-plugin:1.0.6:prepare[m [1m(default)[m @ [36mcommons-numbers-gamma[0;1m ---[m
[[1;34mINFO[m] Preparing EvoSuite tests for execution
[[1;34mINFO[m] Analyzing test folder: /media/ISSTA_USER/extradrive1/toga-eval-issta-2023/backup_issta_paper/final-evosuite-tests/evosuite-artifacts/commons-numbers-1.0-src/commons-numbers-gamma/target/test-classes
[[1;34mINFO[m] Found 16 EvoSuite scaffolding files
[[1;34mINFO[m] 
[[1;34mINFO[m] [1m--- [0;32mjacoco-maven-plugin:0.8.5:prepare-agent[m [1m(prepare-agent)[m @ [36mcommons-numbers-gamma[0;1m ---[m
[[1;34mINFO[m] argLine set to -javaagent:/home/ISSTA_USER/.m2/repository/org/jacoco/org.jacoco.agent/0.8.5/org.jacoco.agent-0.8.5-runtime.jar=destfile=/media/ISSTA_USER/extradrive1/toga-eval-issta-2023/backup_issta_paper/final-evosuite-tests/evosuite-artifacts/commons-numbers-1.0-src/commons-numbers-gamma/target/jacoco.exec
[[1;34mINFO[m] 
[[1;34mINFO[m] [1m--- [0;32mmaven-surefire-plugin:2.17:test[m [1m(default-test)[m @ [36mcommons-numbers-gamma[0;1m ---[m
[[1;34mINFO[m] Surefire report directory: /media/ISSTA_USER/extradrive1/toga-eval-issta-2023/backup_issta_paper/final-evosuite-tests/evosuite-artifacts/commons-numbers-1.0-src/commons-numbers-gamma/target/surefire-reports

-------------------------------------------------------
 T E S T S
-------------------------------------------------------
Executing org.evosuite.runtime.InitializingListener
Running org.apache.commons.numbers.gamma.Erfc_ESTest
Tests run: 5, Failures: 0, Errors: 0, Skipped: 0, Time elapsed: 0.153 sec - in org.apache.commons.numbers.gamma.Erfc_ESTest
Running org.apache.commons.numbers.gamma.LogGammaSum_ESTest
Tests run: 10, Failures: 0, Errors: 0, Skipped: 0, Time elapsed: 0.019 sec - in org.apache.commons.numbers.gamma.LogGammaSum_ESTest
Running org.apache.commons.numbers.gamma.LanczosApproximation_ESTest
Tests run: 3, Failures: 0, Errors: 0, Skipped: 0, Time elapsed: 0.005 sec - in org.apache.commons.numbers.gamma.LanczosApproximation_ESTest
Running org.apache.commons.numbers.gamma.InverseErfc_ESTest
Tests run: 3, Failures: 0, Errors: 0, Skipped: 0, Time elapsed: 0.006 sec - in org.apache.commons.numbers.gamma.InverseErfc_ESTest
Running org.apache.commons.numbers.gamma.LogGamma_ESTest
Tests run: 11, Failures: 0, Errors: 0, Skipped: 0, Time elapsed: 0.016 sec - in org.apache.commons.numbers.gamma.LogGamma_ESTest
Running org.apache.commons.numbers.gamma.InvGamma1pm1_ESTest
Tests run: 7, Failures: 0, Errors: 0, Skipped: 0, Time elapsed: 0.009 sec - in org.apache.commons.numbers.gamma.InvGamma1pm1_ESTest
Running org.apache.commons.numbers.gamma.Digamma_ESTest
Tests run: 4, Failures: 0, Errors: 0, Skipped: 0, Time elapsed: 0.005 sec - in org.apache.commons.numbers.gamma.Digamma_ESTest
Running org.apache.commons.numbers.gamma.Gamma_ESTest
Tests run: 10, Failures: 0, Errors: 0, Skipped: 0, Time elapsed: 0.016 sec - in org.apache.commons.numbers.gamma.Gamma_ESTest
Running org.apache.commons.numbers.gamma.LogGamma1p_ESTest
Tests run: 6, Failures: 0, Errors: 0, Skipped: 0, Time elapsed: 0.01 sec - in org.apache.commons.numbers.gamma.LogGamma1p_ESTest
Running org.apache.commons.numbers.gamma.Trigamma_ESTest
Tests run: 6, Failures: 0, Errors: 0, Skipped: 0, Time elapsed: 0.014 sec - in org.apache.commons.numbers.gamma.Trigamma_ESTest
Running org.apache.commons.numbers.gamma.LogBeta_ESTest
Tests run: 19, Failures: 0, Errors: 0, Skipped: 0, Time elapsed: 0.027 sec - in org.apache.commons.numbers.gamma.LogBeta_ESTest
Running org.apache.commons.numbers.gamma.RegularizedBeta_ESTest
Tests run: 32, Failures: 0, Errors: 0, Skipped: 0, Time elapsed: 0.079 sec - in org.apache.commons.numbers.gamma.RegularizedBeta_ESTest
Running org.apache.commons.numbers.gamma.Erf_ESTest
Tests run: 5, Failures: 0, Errors: 0, Skipped: 0, Time elapsed: 0.018 sec - in org.apache.commons.numbers.gamma.Erf_ESTest
Running org.apache.commons.numbers.gamma.InverseErf_ESTest
Tests run: 5, Failures: 0, Errors: 0, Skipped: 0, Time elapsed: 0.005 sec - in org.apache.commons.numbers.gamma.InverseErf_ESTest
Running org.apache.commons.numbers.gamma.GammaException_ESTest
Tests run: 3, Failures: 0, Errors: 0, Skipped: 0, Time elapsed: 0.004 sec - in org.apache.commons.numbers.gamma.GammaException_ESTest
Running org.apache.commons.numbers.gamma.ErfDifference_ESTest
Tests run: 10, Failures: 0, Errors: 0, Skipped: 0, Time elapsed: 0.017 sec - in org.apache.commons.numbers.gamma.ErfDifference_ESTest

Results :

Tests run: 139, Failures: 0, Errors: 0, Skipped: 0

[[1;34mINFO[m] 
[[1;34mINFO[m] [1m----------< [0;36morg.apache.commons:commons-numbers-combinatorics[0;1m >----------[m
[[1;34mINFO[m] [1mBuilding Apache Commons Numbers Combinatorics 1.0                 [9/12][m
[[1;34mINFO[m] [1m--------------------------------[ jar ]---------------------------------[m
[[1;34mINFO[m] 
[[1;34mINFO[m] [1m--- [0;32mmaven-clean-plugin:3.1.0:clean[m [1m(default-clean)[m @ [36mcommons-numbers-combinatorics[0;1m ---[m
[[1;34mINFO[m] Deleting /media/ISSTA_USER/extradrive1/toga-eval-issta-2023/backup_issta_paper/final-evosuite-tests/evosuite-artifacts/commons-numbers-1.0-src/commons-numbers-combinatorics/target
[[1;34mINFO[m] 
[[1;34mINFO[m] [1m--- [0;32mmaven-enforcer-plugin:3.0.0-M3:enforce[m [1m(enforce-maven-version)[m @ [36mcommons-numbers-combinatorics[0;1m ---[m
[[1;34mINFO[m] 
[[1;34mINFO[m] [1m--- [0;32mmaven-enforcer-plugin:3.0.0-M3:enforce[m [1m(enforce-maven-3)[m @ [36mcommons-numbers-combinatorics[0;1m ---[m
[[1;34mINFO[m] 
[[1;34mINFO[m] [1m--- [0;32mapache-rat-plugin:0.13:check[m [1m(rat-check)[m @ [36mcommons-numbers-combinatorics[0;1m ---[m
[[1;34mINFO[m] RAT will not execute since it is configured to be skipped via system property 'rat.skip'.
[[1;34mINFO[m] 
[[1;34mINFO[m] [1m--- [0;32mbuild-helper-maven-plugin:3.1.0:parse-version[m [1m(parse-version)[m @ [36mcommons-numbers-combinatorics[0;1m ---[m
[[1;34mINFO[m] 
[[1;34mINFO[m] [1m--- [0;32mmaven-antrun-plugin:1.8:run[m [1m(javadoc.resources)[m @ [36mcommons-numbers-combinatorics[0;1m ---[m
[[1;34mINFO[m] Executing tasks

main:
     [copy] Copying 2 files to /media/ISSTA_USER/extradrive1/toga-eval-issta-2023/backup_issta_paper/final-evosuite-tests/evosuite-artifacts/commons-numbers-1.0-src/commons-numbers-combinatorics/target/apidocs/META-INF
[[1;34mINFO[m] Executed tasks
[[1;34mINFO[m] 
[[1;34mINFO[m] [1m--- [0;32mmaven-remote-resources-plugin:1.7.0:process[m [1m(process-resource-bundles)[m @ [36mcommons-numbers-combinatorics[0;1m ---[m
[[1;34mINFO[m] Skipping remote resources execution.
[[1;34mINFO[m] 
[[1;34mINFO[m] [1m--- [0;32mbuildnumber-maven-plugin:1.4:create[m [1m(default)[m @ [36mcommons-numbers-combinatorics[0;1m ---[m
[[1;34mINFO[m] Executing: /bin/sh -c cd '/media/ISSTA_USER/extradrive1/toga-eval-issta-2023/backup_issta_paper/final-evosuite-tests/evosuite-artifacts/commons-numbers-1.0-src/commons-numbers-combinatorics' && 'git' 'rev-parse' '--verify' 'HEAD'
[[1;34mINFO[m] Working directory: /media/ISSTA_USER/extradrive1/toga-eval-issta-2023/backup_issta_paper/final-evosuite-tests/evosuite-artifacts/commons-numbers-1.0-src/commons-numbers-combinatorics
[[1;34mINFO[m] Storing buildNumber: ?????? at timestamp: 1667750091707
[[1;33mWARNING[m] Cannot get the branch information from the git repository: 
Detecting the current branch failed: fatal: not a git repository (or any parent up to mount point /media/ISSTA_USER)
Stopping at filesystem boundary (GIT_DISCOVERY_ACROSS_FILESYSTEM not set).

[[1;34mINFO[m] Executing: /bin/sh -c cd '/media/ISSTA_USER/extradrive1/toga-eval-issta-2023/backup_issta_paper/final-evosuite-tests/evosuite-artifacts/commons-numbers-1.0-src/commons-numbers-combinatorics' && 'git' 'rev-parse' '--verify' 'HEAD'
[[1;34mINFO[m] Working directory: /media/ISSTA_USER/extradrive1/toga-eval-issta-2023/backup_issta_paper/final-evosuite-tests/evosuite-artifacts/commons-numbers-1.0-src/commons-numbers-combinatorics
[[1;34mINFO[m] Storing buildScmBranch: UNKNOWN_BRANCH
[[1;34mINFO[m] 
[[1;34mINFO[m] [1m--- [0;32mmaven-resources-plugin:3.1.0:resources[m [1m(default-resources)[m @ [36mcommons-numbers-combinatorics[0;1m ---[m
[[1;34mINFO[m] Using 'UTF-8' encoding to copy filtered resources.
[[1;34mINFO[m] skip non existing resourceDirectory /media/ISSTA_USER/extradrive1/toga-eval-issta-2023/backup_issta_paper/final-evosuite-tests/evosuite-artifacts/commons-numbers-1.0-src/commons-numbers-combinatorics/src/main/resources
[[1;34mINFO[m] Copying 2 resources to META-INF
[[1;34mINFO[m] 
[[1;34mINFO[m] [1m--- [0;32mmaven-compiler-plugin:3.8.1:compile[m [1m(default-compile)[m @ [36mcommons-numbers-combinatorics[0;1m ---[m
[[1;34mINFO[m] Changes detected - recompiling the module!
[[1;34mINFO[m] Compiling 9 source files to /media/ISSTA_USER/extradrive1/toga-eval-issta-2023/backup_issta_paper/final-evosuite-tests/evosuite-artifacts/commons-numbers-1.0-src/commons-numbers-combinatorics/target/classes
[[1;34mINFO[m] 
[[1;34mINFO[m] [1m--- [0;32mmaven-bundle-plugin:4.2.1:manifest[m [1m(bundle-manifest)[m @ [36mcommons-numbers-combinatorics[0;1m ---[m
[[1;34mINFO[m] 
[[1;34mINFO[m] [1m--- [0;32manimal-sniffer-maven-plugin:1.18:check[m [1m(checkAPIcompatibility)[m @ [36mcommons-numbers-combinatorics[0;1m ---[m
[[1;34mINFO[m] Checking unresolved references to org.codehaus.mojo.signature:java18:1.0
[[1;34mINFO[m] 
[[1;34mINFO[m] [1m--- [0;32mmaven-resources-plugin:3.1.0:testResources[m [1m(default-testResources)[m @ [36mcommons-numbers-combinatorics[0;1m ---[m
[[1;34mINFO[m] Using 'UTF-8' encoding to copy filtered resources.
[[1;34mINFO[m] skip non existing resourceDirectory /media/ISSTA_USER/extradrive1/toga-eval-issta-2023/backup_issta_paper/final-evosuite-tests/evosuite-artifacts/commons-numbers-1.0-src/commons-numbers-combinatorics/src/test/resources
[[1;34mINFO[m] Copying 2 resources to META-INF
[[1;34mINFO[m] 
[[1;34mINFO[m] [1m--- [0;32mmaven-compiler-plugin:3.8.1:testCompile[m [1m(default-testCompile)[m @ [36mcommons-numbers-combinatorics[0;1m ---[m
[[1;34mINFO[m] Changes detected - recompiling the module!
[[1;34mINFO[m] Compiling 14 source files to /media/ISSTA_USER/extradrive1/toga-eval-issta-2023/backup_issta_paper/final-evosuite-tests/evosuite-artifacts/commons-numbers-1.0-src/commons-numbers-combinatorics/target/test-classes
[[1;33mWARNING[m] /media/ISSTA_USER/extradrive1/toga-eval-issta-2023/backup_issta_paper/final-evosuite-tests/evosuite-artifacts/commons-numbers-1.0-src/commons-numbers-combinatorics/src/test/java/org/apache/commons/numbers/combinatorics/Combinations_ESTest.java:[29,59] unchecked cast
  required: java.util.function.Consumer<java.lang.Object>
  found:    java.util.function.Consumer
[[1;33mWARNING[m] /media/ISSTA_USER/extradrive1/toga-eval-issta-2023/backup_issta_paper/final-evosuite-tests/evosuite-artifacts/commons-numbers-1.0-src/commons-numbers-combinatorics/src/test/java/org/apache/commons/numbers/combinatorics/Combinations_ESTest.java:[39,59] unchecked cast
  required: java.util.function.Consumer<java.lang.Object>
  found:    java.util.function.Consumer
[[1;33mWARNING[m] /media/ISSTA_USER/extradrive1/toga-eval-issta-2023/backup_issta_paper/final-evosuite-tests/evosuite-artifacts/commons-numbers-1.0-src/commons-numbers-combinatorics/src/test/java/org/apache/commons/numbers/combinatorics/Combinations_ESTest.java:[44,59] unchecked cast
  required: java.util.function.Consumer<java.lang.Object>
  found:    java.util.function.Consumer
[[1;33mWARNING[m] /media/ISSTA_USER/extradrive1/toga-eval-issta-2023/backup_issta_paper/final-evosuite-tests/evosuite-artifacts/commons-numbers-1.0-src/commons-numbers-combinatorics/src/test/java/org/apache/commons/numbers/combinatorics/Combinations_ESTest.java:[54,59] unchecked cast
  required: java.util.function.Consumer<java.lang.Object>
  found:    java.util.function.Consumer
[[1;33mWARNING[m] /media/ISSTA_USER/extradrive1/toga-eval-issta-2023/backup_issta_paper/final-evosuite-tests/evosuite-artifacts/commons-numbers-1.0-src/commons-numbers-combinatorics/src/test/java/org/apache/commons/numbers/combinatorics/Combinations_ESTest.java:[64,59] unchecked cast
  required: java.util.function.Consumer<java.lang.Object>
  found:    java.util.function.Consumer
[[1;33mWARNING[m] /media/ISSTA_USER/extradrive1/toga-eval-issta-2023/backup_issta_paper/final-evosuite-tests/evosuite-artifacts/commons-numbers-1.0-src/commons-numbers-combinatorics/src/test/java/org/apache/commons/numbers/combinatorics/Combinations_ESTest.java:[153,59] unchecked cast
  required: java.util.function.Consumer<java.lang.Object>
  found:    java.util.function.Consumer
[[1;33mWARNING[m] /media/ISSTA_USER/extradrive1/toga-eval-issta-2023/backup_issta_paper/final-evosuite-tests/evosuite-artifacts/commons-numbers-1.0-src/commons-numbers-combinatorics/src/test/java/org/apache/commons/numbers/combinatorics/Combinations_ESTest.java:[183,59] unchecked cast
  required: java.util.function.Consumer<java.lang.Object>
  found:    java.util.function.Consumer
[[1;33mWARNING[m] /media/ISSTA_USER/extradrive1/toga-eval-issta-2023/backup_issta_paper/final-evosuite-tests/evosuite-artifacts/commons-numbers-1.0-src/commons-numbers-combinatorics/src/test/java/org/apache/commons/numbers/combinatorics/Combinations_ESTest.java:[188,59] unchecked cast
  required: java.util.function.Consumer<java.lang.Object>
  found:    java.util.function.Consumer
[[1;33mWARNING[m] /media/ISSTA_USER/extradrive1/toga-eval-issta-2023/backup_issta_paper/final-evosuite-tests/evosuite-artifacts/commons-numbers-1.0-src/commons-numbers-combinatorics/src/test/java/org/apache/commons/numbers/combinatorics/Combinations_ESTest.java:[197,59] unchecked cast
  required: java.util.function.Consumer<java.lang.Object>
  found:    java.util.function.Consumer
[[1;33mWARNING[m] /media/ISSTA_USER/extradrive1/toga-eval-issta-2023/backup_issta_paper/final-evosuite-tests/evosuite-artifacts/commons-numbers-1.0-src/commons-numbers-combinatorics/src/test/java/org/apache/commons/numbers/combinatorics/Combinations_ESTest.java:[200,59] unchecked cast
  required: java.util.function.Consumer<java.lang.Object>
  found:    java.util.function.Consumer
[[1;34mINFO[m] 
[[1;34mINFO[m] [1m--- [0;32mevosuite-maven-plugin:1.0.6:prepare[m [1m(default)[m @ [36mcommons-numbers-combinatorics[0;1m ---[m
[[1;34mINFO[m] Preparing EvoSuite tests for execution
[[1;34mINFO[m] Analyzing test folder: /media/ISSTA_USER/extradrive1/toga-eval-issta-2023/backup_issta_paper/final-evosuite-tests/evosuite-artifacts/commons-numbers-1.0-src/commons-numbers-combinatorics/target/test-classes
[[1;34mINFO[m] Found 7 EvoSuite scaffolding files
[[1;34mINFO[m] 
[[1;34mINFO[m] [1m--- [0;32mjacoco-maven-plugin:0.8.5:prepare-agent[m [1m(prepare-agent)[m @ [36mcommons-numbers-combinatorics[0;1m ---[m
[[1;34mINFO[m] argLine set to -javaagent:/home/ISSTA_USER/.m2/repository/org/jacoco/org.jacoco.agent/0.8.5/org.jacoco.agent-0.8.5-runtime.jar=destfile=/media/ISSTA_USER/extradrive1/toga-eval-issta-2023/backup_issta_paper/final-evosuite-tests/evosuite-artifacts/commons-numbers-1.0-src/commons-numbers-combinatorics/target/jacoco.exec
[[1;34mINFO[m] 
[[1;34mINFO[m] [1m--- [0;32mmaven-surefire-plugin:2.17:test[m [1m(default-test)[m @ [36mcommons-numbers-combinatorics[0;1m ---[m
[[1;34mINFO[m] Surefire report directory: /media/ISSTA_USER/extradrive1/toga-eval-issta-2023/backup_issta_paper/final-evosuite-tests/evosuite-artifacts/commons-numbers-1.0-src/commons-numbers-combinatorics/target/surefire-reports

-------------------------------------------------------
 T E S T S
-------------------------------------------------------
Executing org.evosuite.runtime.InitializingListener
Running org.apache.commons.numbers.combinatorics.FactorialDouble_ESTest
Tests run: 15, Failures: 0, Errors: 0, Skipped: 0, Time elapsed: 0.195 sec - in org.apache.commons.numbers.combinatorics.FactorialDouble_ESTest
Running org.apache.commons.numbers.combinatorics.Combinations_ESTest
Tests run: 16, Failures: 0, Errors: 0, Skipped: 0, Time elapsed: 0.566 sec - in org.apache.commons.numbers.combinatorics.Combinations_ESTest
Running org.apache.commons.numbers.combinatorics.BinomialCoefficientDouble_ESTest
Tests run: 8, Failures: 0, Errors: 0, Skipped: 0, Time elapsed: 0.017 sec - in org.apache.commons.numbers.combinatorics.BinomialCoefficientDouble_ESTest
Running org.apache.commons.numbers.combinatorics.Factorial_ESTest
Tests run: 4, Failures: 0, Errors: 0, Skipped: 0, Time elapsed: 0.007 sec - in org.apache.commons.numbers.combinatorics.Factorial_ESTest
Running org.apache.commons.numbers.combinatorics.LogBinomialCoefficient_ESTest
Tests run: 9, Failures: 0, Errors: 0, Skipped: 0, Time elapsed: 0.018 sec - in org.apache.commons.numbers.combinatorics.LogBinomialCoefficient_ESTest
Running org.apache.commons.numbers.combinatorics.LogFactorial_ESTest
Tests run: 18, Failures: 0, Errors: 0, Skipped: 0, Time elapsed: 0.037 sec - in org.apache.commons.numbers.combinatorics.LogFactorial_ESTest
Running org.apache.commons.numbers.combinatorics.BinomialCoefficient_ESTest
Tests run: 14, Failures: 0, Errors: 0, Skipped: 0, Time elapsed: 0.017 sec - in org.apache.commons.numbers.combinatorics.BinomialCoefficient_ESTest

Results :

Tests run: 84, Failures: 0, Errors: 0, Skipped: 0

[[1;34mINFO[m] 
[[1;34mINFO[m] [1m-------------< [0;36morg.apache.commons:commons-numbers-arrays[0;1m >--------------[m
[[1;34mINFO[m] [1mBuilding Apache Commons Numbers Arrays 1.0                       [10/12][m
[[1;34mINFO[m] [1m--------------------------------[ jar ]---------------------------------[m
[[1;34mINFO[m] 
[[1;34mINFO[m] [1m--- [0;32mmaven-clean-plugin:3.1.0:clean[m [1m(default-clean)[m @ [36mcommons-numbers-arrays[0;1m ---[m
[[1;34mINFO[m] Deleting /media/ISSTA_USER/extradrive1/toga-eval-issta-2023/backup_issta_paper/final-evosuite-tests/evosuite-artifacts/commons-numbers-1.0-src/commons-numbers-arrays/target
[[1;34mINFO[m] 
[[1;34mINFO[m] [1m--- [0;32mmaven-enforcer-plugin:3.0.0-M3:enforce[m [1m(enforce-maven-version)[m @ [36mcommons-numbers-arrays[0;1m ---[m
[[1;34mINFO[m] 
[[1;34mINFO[m] [1m--- [0;32mmaven-enforcer-plugin:3.0.0-M3:enforce[m [1m(enforce-maven-3)[m @ [36mcommons-numbers-arrays[0;1m ---[m
[[1;34mINFO[m] 
[[1;34mINFO[m] [1m--- [0;32mapache-rat-plugin:0.13:check[m [1m(rat-check)[m @ [36mcommons-numbers-arrays[0;1m ---[m
[[1;34mINFO[m] RAT will not execute since it is configured to be skipped via system property 'rat.skip'.
[[1;34mINFO[m] 
[[1;34mINFO[m] [1m--- [0;32mbuild-helper-maven-plugin:3.1.0:parse-version[m [1m(parse-version)[m @ [36mcommons-numbers-arrays[0;1m ---[m
[[1;34mINFO[m] 
[[1;34mINFO[m] [1m--- [0;32mmaven-antrun-plugin:1.8:run[m [1m(javadoc.resources)[m @ [36mcommons-numbers-arrays[0;1m ---[m
[[1;34mINFO[m] Executing tasks

main:
     [copy] Copying 2 files to /media/ISSTA_USER/extradrive1/toga-eval-issta-2023/backup_issta_paper/final-evosuite-tests/evosuite-artifacts/commons-numbers-1.0-src/commons-numbers-arrays/target/apidocs/META-INF
[[1;34mINFO[m] Executed tasks
[[1;34mINFO[m] 
[[1;34mINFO[m] [1m--- [0;32mmaven-remote-resources-plugin:1.7.0:process[m [1m(process-resource-bundles)[m @ [36mcommons-numbers-arrays[0;1m ---[m
[[1;34mINFO[m] Skipping remote resources execution.
[[1;34mINFO[m] 
[[1;34mINFO[m] [1m--- [0;32mbuildnumber-maven-plugin:1.4:create[m [1m(default)[m @ [36mcommons-numbers-arrays[0;1m ---[m
[[1;34mINFO[m] Executing: /bin/sh -c cd '/media/ISSTA_USER/extradrive1/toga-eval-issta-2023/backup_issta_paper/final-evosuite-tests/evosuite-artifacts/commons-numbers-1.0-src/commons-numbers-arrays' && 'git' 'rev-parse' '--verify' 'HEAD'
[[1;34mINFO[m] Working directory: /media/ISSTA_USER/extradrive1/toga-eval-issta-2023/backup_issta_paper/final-evosuite-tests/evosuite-artifacts/commons-numbers-1.0-src/commons-numbers-arrays
[[1;34mINFO[m] Storing buildNumber: ?????? at timestamp: 1667750093934
[[1;33mWARNING[m] Cannot get the branch information from the git repository: 
Detecting the current branch failed: fatal: not a git repository (or any parent up to mount point /media/ISSTA_USER)
Stopping at filesystem boundary (GIT_DISCOVERY_ACROSS_FILESYSTEM not set).

[[1;34mINFO[m] Executing: /bin/sh -c cd '/media/ISSTA_USER/extradrive1/toga-eval-issta-2023/backup_issta_paper/final-evosuite-tests/evosuite-artifacts/commons-numbers-1.0-src/commons-numbers-arrays' && 'git' 'rev-parse' '--verify' 'HEAD'
[[1;34mINFO[m] Working directory: /media/ISSTA_USER/extradrive1/toga-eval-issta-2023/backup_issta_paper/final-evosuite-tests/evosuite-artifacts/commons-numbers-1.0-src/commons-numbers-arrays
[[1;34mINFO[m] Storing buildScmBranch: UNKNOWN_BRANCH
[[1;34mINFO[m] 
[[1;34mINFO[m] [1m--- [0;32mmaven-resources-plugin:3.1.0:resources[m [1m(default-resources)[m @ [36mcommons-numbers-arrays[0;1m ---[m
[[1;34mINFO[m] Using 'UTF-8' encoding to copy filtered resources.
[[1;34mINFO[m] skip non existing resourceDirectory /media/ISSTA_USER/extradrive1/toga-eval-issta-2023/backup_issta_paper/final-evosuite-tests/evosuite-artifacts/commons-numbers-1.0-src/commons-numbers-arrays/src/main/resources
[[1;34mINFO[m] Copying 2 resources to META-INF
[[1;34mINFO[m] 
[[1;34mINFO[m] [1m--- [0;32mmaven-compiler-plugin:3.8.1:compile[m [1m(default-compile)[m @ [36mcommons-numbers-arrays[0;1m ---[m
[[1;34mINFO[m] Changes detected - recompiling the module!
[[1;34mINFO[m] Compiling 3 source files to /media/ISSTA_USER/extradrive1/toga-eval-issta-2023/backup_issta_paper/final-evosuite-tests/evosuite-artifacts/commons-numbers-1.0-src/commons-numbers-arrays/target/classes
[[1;34mINFO[m] 
[[1;34mINFO[m] [1m--- [0;32mmaven-bundle-plugin:4.2.1:manifest[m [1m(bundle-manifest)[m @ [36mcommons-numbers-arrays[0;1m ---[m
[[1;34mINFO[m] 
[[1;34mINFO[m] [1m--- [0;32manimal-sniffer-maven-plugin:1.18:check[m [1m(checkAPIcompatibility)[m @ [36mcommons-numbers-arrays[0;1m ---[m
[[1;34mINFO[m] Checking unresolved references to org.codehaus.mojo.signature:java18:1.0
[[1;34mINFO[m] 
[[1;34mINFO[m] [1m--- [0;32mmaven-resources-plugin:3.1.0:testResources[m [1m(default-testResources)[m @ [36mcommons-numbers-arrays[0;1m ---[m
[[1;34mINFO[m] Using 'UTF-8' encoding to copy filtered resources.
[[1;34mINFO[m] skip non existing resourceDirectory /media/ISSTA_USER/extradrive1/toga-eval-issta-2023/backup_issta_paper/final-evosuite-tests/evosuite-artifacts/commons-numbers-1.0-src/commons-numbers-arrays/src/test/resources
[[1;34mINFO[m] Copying 2 resources to META-INF
[[1;34mINFO[m] 
[[1;34mINFO[m] [1m--- [0;32mmaven-compiler-plugin:3.8.1:testCompile[m [1m(default-testCompile)[m @ [36mcommons-numbers-arrays[0;1m ---[m
[[1;34mINFO[m] Changes detected - recompiling the module!
[[1;34mINFO[m] Compiling 4 source files to /media/ISSTA_USER/extradrive1/toga-eval-issta-2023/backup_issta_paper/final-evosuite-tests/evosuite-artifacts/commons-numbers-1.0-src/commons-numbers-arrays/target/test-classes
[[1;34mINFO[m] 
[[1;34mINFO[m] [1m--- [0;32mevosuite-maven-plugin:1.0.6:prepare[m [1m(default)[m @ [36mcommons-numbers-arrays[0;1m ---[m
[[1;34mINFO[m] Preparing EvoSuite tests for execution
[[1;34mINFO[m] Analyzing test folder: /media/ISSTA_USER/extradrive1/toga-eval-issta-2023/backup_issta_paper/final-evosuite-tests/evosuite-artifacts/commons-numbers-1.0-src/commons-numbers-arrays/target/test-classes
[[1;34mINFO[m] Found 2 EvoSuite scaffolding files
[[1;34mINFO[m] 
[[1;34mINFO[m] [1m--- [0;32mjacoco-maven-plugin:0.8.5:prepare-agent[m [1m(prepare-agent)[m @ [36mcommons-numbers-arrays[0;1m ---[m
[[1;34mINFO[m] argLine set to -javaagent:/home/ISSTA_USER/.m2/repository/org/jacoco/org.jacoco.agent/0.8.5/org.jacoco.agent-0.8.5-runtime.jar=destfile=/media/ISSTA_USER/extradrive1/toga-eval-issta-2023/backup_issta_paper/final-evosuite-tests/evosuite-artifacts/commons-numbers-1.0-src/commons-numbers-arrays/target/jacoco.exec
[[1;34mINFO[m] 
[[1;34mINFO[m] [1m--- [0;32mmaven-surefire-plugin:2.17:test[m [1m(default-test)[m @ [36mcommons-numbers-arrays[0;1m ---[m
[[1;34mINFO[m] Surefire report directory: /media/ISSTA_USER/extradrive1/toga-eval-issta-2023/backup_issta_paper/final-evosuite-tests/evosuite-artifacts/commons-numbers-1.0-src/commons-numbers-arrays/target/surefire-reports

-------------------------------------------------------
 T E S T S
-------------------------------------------------------
Executing org.evosuite.runtime.InitializingListener
Running org.apache.commons.numbers.arrays.MultidimensionalCounter_ESTest
Tests run: 19, Failures: 0, Errors: 0, Skipped: 0, Time elapsed: 0.167 sec - in org.apache.commons.numbers.arrays.MultidimensionalCounter_ESTest
Running org.apache.commons.numbers.arrays.SortInPlace_ESTest
Tests run: 5, Failures: 0, Errors: 0, Skipped: 0, Time elapsed: 0.018 sec - in org.apache.commons.numbers.arrays.SortInPlace_ESTest

Results :

Tests run: 24, Failures: 0, Errors: 0, Skipped: 0

[[1;34mINFO[m] 
[[1;34mINFO[m] [1m--------------< [0;36morg.apache.commons:commons-numbers-field[0;1m >--------------[m
[[1;34mINFO[m] [1mBuilding Apache Commons Numbers Field 1.0                        [11/12][m
[[1;34mINFO[m] [1m--------------------------------[ jar ]---------------------------------[m
[[1;34mINFO[m] 
[[1;34mINFO[m] [1m--- [0;32mmaven-clean-plugin:3.1.0:clean[m [1m(default-clean)[m @ [36mcommons-numbers-field[0;1m ---[m
[[1;34mINFO[m] Deleting /media/ISSTA_USER/extradrive1/toga-eval-issta-2023/backup_issta_paper/final-evosuite-tests/evosuite-artifacts/commons-numbers-1.0-src/commons-numbers-field/target
[[1;34mINFO[m] 
[[1;34mINFO[m] [1m--- [0;32mmaven-enforcer-plugin:3.0.0-M3:enforce[m [1m(enforce-maven-version)[m @ [36mcommons-numbers-field[0;1m ---[m
[[1;34mINFO[m] 
[[1;34mINFO[m] [1m--- [0;32mmaven-enforcer-plugin:3.0.0-M3:enforce[m [1m(enforce-maven-3)[m @ [36mcommons-numbers-field[0;1m ---[m
[[1;34mINFO[m] 
[[1;34mINFO[m] [1m--- [0;32mapache-rat-plugin:0.13:check[m [1m(rat-check)[m @ [36mcommons-numbers-field[0;1m ---[m
[[1;34mINFO[m] RAT will not execute since it is configured to be skipped via system property 'rat.skip'.
[[1;34mINFO[m] 
[[1;34mINFO[m] [1m--- [0;32mbuild-helper-maven-plugin:3.1.0:parse-version[m [1m(parse-version)[m @ [36mcommons-numbers-field[0;1m ---[m
[[1;34mINFO[m] 
[[1;34mINFO[m] [1m--- [0;32mmaven-antrun-plugin:1.8:run[m [1m(javadoc.resources)[m @ [36mcommons-numbers-field[0;1m ---[m
[[1;34mINFO[m] Executing tasks

main:
     [copy] Copying 2 files to /media/ISSTA_USER/extradrive1/toga-eval-issta-2023/backup_issta_paper/final-evosuite-tests/evosuite-artifacts/commons-numbers-1.0-src/commons-numbers-field/target/apidocs/META-INF
[[1;34mINFO[m] Executed tasks
[[1;34mINFO[m] 
[[1;34mINFO[m] [1m--- [0;32mmaven-remote-resources-plugin:1.7.0:process[m [1m(process-resource-bundles)[m @ [36mcommons-numbers-field[0;1m ---[m
[[1;34mINFO[m] Skipping remote resources execution.
[[1;34mINFO[m] 
[[1;34mINFO[m] [1m--- [0;32mbuildnumber-maven-plugin:1.4:create[m [1m(default)[m @ [36mcommons-numbers-field[0;1m ---[m
[[1;34mINFO[m] Executing: /bin/sh -c cd '/media/ISSTA_USER/extradrive1/toga-eval-issta-2023/backup_issta_paper/final-evosuite-tests/evosuite-artifacts/commons-numbers-1.0-src/commons-numbers-field' && 'git' 'rev-parse' '--verify' 'HEAD'
[[1;34mINFO[m] Working directory: /media/ISSTA_USER/extradrive1/toga-eval-issta-2023/backup_issta_paper/final-evosuite-tests/evosuite-artifacts/commons-numbers-1.0-src/commons-numbers-field
[[1;34mINFO[m] Storing buildNumber: ?????? at timestamp: 1667750095192
[[1;33mWARNING[m] Cannot get the branch information from the git repository: 
Detecting the current branch failed: fatal: not a git repository (or any parent up to mount point /media/ISSTA_USER)
Stopping at filesystem boundary (GIT_DISCOVERY_ACROSS_FILESYSTEM not set).

[[1;34mINFO[m] Executing: /bin/sh -c cd '/media/ISSTA_USER/extradrive1/toga-eval-issta-2023/backup_issta_paper/final-evosuite-tests/evosuite-artifacts/commons-numbers-1.0-src/commons-numbers-field' && 'git' 'rev-parse' '--verify' 'HEAD'
[[1;34mINFO[m] Working directory: /media/ISSTA_USER/extradrive1/toga-eval-issta-2023/backup_issta_paper/final-evosuite-tests/evosuite-artifacts/commons-numbers-1.0-src/commons-numbers-field
[[1;34mINFO[m] Storing buildScmBranch: UNKNOWN_BRANCH
[[1;34mINFO[m] 
[[1;34mINFO[m] [1m--- [0;32mmaven-resources-plugin:3.1.0:resources[m [1m(default-resources)[m @ [36mcommons-numbers-field[0;1m ---[m
[[1;34mINFO[m] Using 'UTF-8' encoding to copy filtered resources.
[[1;34mINFO[m] skip non existing resourceDirectory /media/ISSTA_USER/extradrive1/toga-eval-issta-2023/backup_issta_paper/final-evosuite-tests/evosuite-artifacts/commons-numbers-1.0-src/commons-numbers-field/src/main/resources
[[1;34mINFO[m] Copying 2 resources to META-INF
[[1;34mINFO[m] 
[[1;34mINFO[m] [1m--- [0;32mmaven-compiler-plugin:3.8.1:compile[m [1m(default-compile)[m @ [36mcommons-numbers-field[0;1m ---[m
[[1;34mINFO[m] Changes detected - recompiling the module!
[[1;34mINFO[m] Compiling 7 source files to /media/ISSTA_USER/extradrive1/toga-eval-issta-2023/backup_issta_paper/final-evosuite-tests/evosuite-artifacts/commons-numbers-1.0-src/commons-numbers-field/target/classes
[[1;34mINFO[m] 
[[1;34mINFO[m] [1m--- [0;32mmaven-bundle-plugin:4.2.1:manifest[m [1m(bundle-manifest)[m @ [36mcommons-numbers-field[0;1m ---[m
[[1;34mINFO[m] 
[[1;34mINFO[m] [1m--- [0;32manimal-sniffer-maven-plugin:1.18:check[m [1m(checkAPIcompatibility)[m @ [36mcommons-numbers-field[0;1m ---[m
[[1;34mINFO[m] Checking unresolved references to org.codehaus.mojo.signature:java18:1.0
[[1;34mINFO[m] 
[[1;34mINFO[m] [1m--- [0;32mmaven-resources-plugin:3.1.0:testResources[m [1m(default-testResources)[m @ [36mcommons-numbers-field[0;1m ---[m
[[1;34mINFO[m] Using 'UTF-8' encoding to copy filtered resources.
[[1;34mINFO[m] skip non existing resourceDirectory /media/ISSTA_USER/extradrive1/toga-eval-issta-2023/backup_issta_paper/final-evosuite-tests/evosuite-artifacts/commons-numbers-1.0-src/commons-numbers-field/src/test/resources
[[1;34mINFO[m] Copying 2 resources to META-INF
[[1;34mINFO[m] 
[[1;34mINFO[m] [1m--- [0;32mmaven-compiler-plugin:3.8.1:testCompile[m [1m(default-testCompile)[m @ [36mcommons-numbers-field[0;1m ---[m
[[1;34mINFO[m] Changes detected - recompiling the module!
[[1;34mINFO[m] Compiling 10 source files to /media/ISSTA_USER/extradrive1/toga-eval-issta-2023/backup_issta_paper/final-evosuite-tests/evosuite-artifacts/commons-numbers-1.0-src/commons-numbers-field/target/test-classes
[[1;34mINFO[m] 
[[1;34mINFO[m] [1m--- [0;32mevosuite-maven-plugin:1.0.6:prepare[m [1m(default)[m @ [36mcommons-numbers-field[0;1m ---[m
[[1;34mINFO[m] Preparing EvoSuite tests for execution
[[1;34mINFO[m] Analyzing test folder: /media/ISSTA_USER/extradrive1/toga-eval-issta-2023/backup_issta_paper/final-evosuite-tests/evosuite-artifacts/commons-numbers-1.0-src/commons-numbers-field/target/test-classes
[[1;34mINFO[m] Found 5 EvoSuite scaffolding files
[[1;34mINFO[m] 
[[1;34mINFO[m] [1m--- [0;32mjacoco-maven-plugin:0.8.5:prepare-agent[m [1m(prepare-agent)[m @ [36mcommons-numbers-field[0;1m ---[m
[[1;34mINFO[m] argLine set to -javaagent:/home/ISSTA_USER/.m2/repository/org/jacoco/org.jacoco.agent/0.8.5/org.jacoco.agent-0.8.5-runtime.jar=destfile=/media/ISSTA_USER/extradrive1/toga-eval-issta-2023/backup_issta_paper/final-evosuite-tests/evosuite-artifacts/commons-numbers-1.0-src/commons-numbers-field/target/jacoco.exec
[[1;34mINFO[m] 
[[1;34mINFO[m] [1m--- [0;32mmaven-surefire-plugin:2.17:test[m [1m(default-test)[m @ [36mcommons-numbers-field[0;1m ---[m
[[1;34mINFO[m] Surefire report directory: /media/ISSTA_USER/extradrive1/toga-eval-issta-2023/backup_issta_paper/final-evosuite-tests/evosuite-artifacts/commons-numbers-1.0-src/commons-numbers-field/target/surefire-reports

-------------------------------------------------------
 T E S T S
-------------------------------------------------------
Executing org.evosuite.runtime.InitializingListener
Running org.apache.commons.numbers.field.FractionField_ESTest
Tests run: 2, Failures: 0, Errors: 0, Skipped: 0, Time elapsed: 0.165 sec - in org.apache.commons.numbers.field.FractionField_ESTest
Running org.apache.commons.numbers.field.BigFractionField_ESTest
Tests run: 2, Failures: 0, Errors: 0, Skipped: 0, Time elapsed: 0.018 sec - in org.apache.commons.numbers.field.BigFractionField_ESTest
Running org.apache.commons.numbers.field.FP64_ESTest
Tests run: 51, Failures: 0, Errors: 0, Skipped: 0, Time elapsed: 0.058 sec - in org.apache.commons.numbers.field.FP64_ESTest
Running org.apache.commons.numbers.field.AbstractField_ESTest
Tests run: 20, Failures: 0, Errors: 0, Skipped: 0, Time elapsed: 0.06 sec - in org.apache.commons.numbers.field.AbstractField_ESTest
Running org.apache.commons.numbers.field.FP64Field_ESTest
Tests run: 2, Failures: 0, Errors: 0, Skipped: 0, Time elapsed: 0.01 sec - in org.apache.commons.numbers.field.FP64Field_ESTest

Results :

Tests run: 77, Failures: 0, Errors: 0, Skipped: 0

[[1;34mINFO[m] 
[[1;34mINFO[m] [1m-----------< [0;36morg.apache.commons:commons-numbers-rootfinder[0;1m >------------[m
[[1;34mINFO[m] [1mBuilding Apache Commons Numbers Root Finder 1.0                  [12/12][m
[[1;34mINFO[m] [1m--------------------------------[ jar ]---------------------------------[m
[[1;34mINFO[m] 
[[1;34mINFO[m] [1m--- [0;32mmaven-clean-plugin:3.1.0:clean[m [1m(default-clean)[m @ [36mcommons-numbers-rootfinder[0;1m ---[m
[[1;34mINFO[m] Deleting /media/ISSTA_USER/extradrive1/toga-eval-issta-2023/backup_issta_paper/final-evosuite-tests/evosuite-artifacts/commons-numbers-1.0-src/commons-numbers-rootfinder/target
[[1;34mINFO[m] 
[[1;34mINFO[m] [1m--- [0;32mmaven-enforcer-plugin:3.0.0-M3:enforce[m [1m(enforce-maven-version)[m @ [36mcommons-numbers-rootfinder[0;1m ---[m
[[1;34mINFO[m] 
[[1;34mINFO[m] [1m--- [0;32mmaven-enforcer-plugin:3.0.0-M3:enforce[m [1m(enforce-maven-3)[m @ [36mcommons-numbers-rootfinder[0;1m ---[m
[[1;34mINFO[m] 
[[1;34mINFO[m] [1m--- [0;32mapache-rat-plugin:0.13:check[m [1m(rat-check)[m @ [36mcommons-numbers-rootfinder[0;1m ---[m
[[1;34mINFO[m] RAT will not execute since it is configured to be skipped via system property 'rat.skip'.
[[1;34mINFO[m] 
[[1;34mINFO[m] [1m--- [0;32mbuild-helper-maven-plugin:3.1.0:parse-version[m [1m(parse-version)[m @ [36mcommons-numbers-rootfinder[0;1m ---[m
[[1;34mINFO[m] 
[[1;34mINFO[m] [1m--- [0;32mmaven-antrun-plugin:1.8:run[m [1m(javadoc.resources)[m @ [36mcommons-numbers-rootfinder[0;1m ---[m
[[1;34mINFO[m] Executing tasks

main:
     [copy] Copying 2 files to /media/ISSTA_USER/extradrive1/toga-eval-issta-2023/backup_issta_paper/final-evosuite-tests/evosuite-artifacts/commons-numbers-1.0-src/commons-numbers-rootfinder/target/apidocs/META-INF
[[1;34mINFO[m] Executed tasks
[[1;34mINFO[m] 
[[1;34mINFO[m] [1m--- [0;32mmaven-remote-resources-plugin:1.7.0:process[m [1m(process-resource-bundles)[m @ [36mcommons-numbers-rootfinder[0;1m ---[m
[[1;34mINFO[m] Skipping remote resources execution.
[[1;34mINFO[m] 
[[1;34mINFO[m] [1m--- [0;32mbuildnumber-maven-plugin:1.4:create[m [1m(default)[m @ [36mcommons-numbers-rootfinder[0;1m ---[m
[[1;34mINFO[m] Executing: /bin/sh -c cd '/media/ISSTA_USER/extradrive1/toga-eval-issta-2023/backup_issta_paper/final-evosuite-tests/evosuite-artifacts/commons-numbers-1.0-src/commons-numbers-rootfinder' && 'git' 'rev-parse' '--verify' 'HEAD'
[[1;34mINFO[m] Working directory: /media/ISSTA_USER/extradrive1/toga-eval-issta-2023/backup_issta_paper/final-evosuite-tests/evosuite-artifacts/commons-numbers-1.0-src/commons-numbers-rootfinder
[[1;34mINFO[m] Storing buildNumber: ?????? at timestamp: 1667750096825
[[1;33mWARNING[m] Cannot get the branch information from the git repository: 
Detecting the current branch failed: fatal: not a git repository (or any parent up to mount point /media/ISSTA_USER)
Stopping at filesystem boundary (GIT_DISCOVERY_ACROSS_FILESYSTEM not set).

[[1;34mINFO[m] Executing: /bin/sh -c cd '/media/ISSTA_USER/extradrive1/toga-eval-issta-2023/backup_issta_paper/final-evosuite-tests/evosuite-artifacts/commons-numbers-1.0-src/commons-numbers-rootfinder' && 'git' 'rev-parse' '--verify' 'HEAD'
[[1;34mINFO[m] Working directory: /media/ISSTA_USER/extradrive1/toga-eval-issta-2023/backup_issta_paper/final-evosuite-tests/evosuite-artifacts/commons-numbers-1.0-src/commons-numbers-rootfinder
[[1;34mINFO[m] Storing buildScmBranch: UNKNOWN_BRANCH
[[1;34mINFO[m] 
[[1;34mINFO[m] [1m--- [0;32mmaven-resources-plugin:3.1.0:resources[m [1m(default-resources)[m @ [36mcommons-numbers-rootfinder[0;1m ---[m
[[1;34mINFO[m] Using 'UTF-8' encoding to copy filtered resources.
[[1;34mINFO[m] skip non existing resourceDirectory /media/ISSTA_USER/extradrive1/toga-eval-issta-2023/backup_issta_paper/final-evosuite-tests/evosuite-artifacts/commons-numbers-1.0-src/commons-numbers-rootfinder/src/main/resources
[[1;34mINFO[m] Copying 2 resources to META-INF
[[1;34mINFO[m] 
[[1;34mINFO[m] [1m--- [0;32mmaven-compiler-plugin:3.8.1:compile[m [1m(default-compile)[m @ [36mcommons-numbers-rootfinder[0;1m ---[m
[[1;34mINFO[m] Changes detected - recompiling the module!
[[1;34mINFO[m] Compiling 3 source files to /media/ISSTA_USER/extradrive1/toga-eval-issta-2023/backup_issta_paper/final-evosuite-tests/evosuite-artifacts/commons-numbers-1.0-src/commons-numbers-rootfinder/target/classes
[[1;34mINFO[m] 
[[1;34mINFO[m] [1m--- [0;32mmaven-bundle-plugin:4.2.1:manifest[m [1m(bundle-manifest)[m @ [36mcommons-numbers-rootfinder[0;1m ---[m
[[1;34mINFO[m] 
[[1;34mINFO[m] [1m--- [0;32manimal-sniffer-maven-plugin:1.18:check[m [1m(checkAPIcompatibility)[m @ [36mcommons-numbers-rootfinder[0;1m ---[m
[[1;34mINFO[m] Checking unresolved references to org.codehaus.mojo.signature:java18:1.0
[[1;34mINFO[m] 
[[1;34mINFO[m] [1m--- [0;32mmaven-resources-plugin:3.1.0:testResources[m [1m(default-testResources)[m @ [36mcommons-numbers-rootfinder[0;1m ---[m
[[1;34mINFO[m] Using 'UTF-8' encoding to copy filtered resources.
[[1;34mINFO[m] skip non existing resourceDirectory /media/ISSTA_USER/extradrive1/toga-eval-issta-2023/backup_issta_paper/final-evosuite-tests/evosuite-artifacts/commons-numbers-1.0-src/commons-numbers-rootfinder/src/test/resources
[[1;34mINFO[m] Copying 2 resources to META-INF
[[1;34mINFO[m] 
[[1;34mINFO[m] [1m--- [0;32mmaven-compiler-plugin:3.8.1:testCompile[m [1m(default-testCompile)[m @ [36mcommons-numbers-rootfinder[0;1m ---[m
[[1;34mINFO[m] Changes detected - recompiling the module!
[[1;34mINFO[m] Compiling 4 source files to /media/ISSTA_USER/extradrive1/toga-eval-issta-2023/backup_issta_paper/final-evosuite-tests/evosuite-artifacts/commons-numbers-1.0-src/commons-numbers-rootfinder/target/test-classes
[[1;34mINFO[m] 
[[1;34mINFO[m] [1m--- [0;32mevosuite-maven-plugin:1.0.6:prepare[m [1m(default)[m @ [36mcommons-numbers-rootfinder[0;1m ---[m
[[1;34mINFO[m] Preparing EvoSuite tests for execution
[[1;34mINFO[m] Analyzing test folder: /media/ISSTA_USER/extradrive1/toga-eval-issta-2023/backup_issta_paper/final-evosuite-tests/evosuite-artifacts/commons-numbers-1.0-src/commons-numbers-rootfinder/target/test-classes
[[1;34mINFO[m] Found 2 EvoSuite scaffolding files
[[1;34mINFO[m] 
[[1;34mINFO[m] [1m--- [0;32mjacoco-maven-plugin:0.8.5:prepare-agent[m [1m(prepare-agent)[m @ [36mcommons-numbers-rootfinder[0;1m ---[m
[[1;34mINFO[m] argLine set to -javaagent:/home/ISSTA_USER/.m2/repository/org/jacoco/org.jacoco.agent/0.8.5/org.jacoco.agent-0.8.5-runtime.jar=destfile=/media/ISSTA_USER/extradrive1/toga-eval-issta-2023/backup_issta_paper/final-evosuite-tests/evosuite-artifacts/commons-numbers-1.0-src/commons-numbers-rootfinder/target/jacoco.exec
[[1;34mINFO[m] 
[[1;34mINFO[m] [1m--- [0;32mmaven-surefire-plugin:2.17:test[m [1m(default-test)[m @ [36mcommons-numbers-rootfinder[0;1m ---[m
[[1;34mINFO[m] Surefire report directory: /media/ISSTA_USER/extradrive1/toga-eval-issta-2023/backup_issta_paper/final-evosuite-tests/evosuite-artifacts/commons-numbers-1.0-src/commons-numbers-rootfinder/target/surefire-reports

-------------------------------------------------------
 T E S T S
-------------------------------------------------------
Executing org.evosuite.runtime.InitializingListener
Running org.apache.commons.numbers.rootfinder.SolverException_ESTest
Tests run: 3, Failures: 0, Errors: 0, Skipped: 0, Time elapsed: 0.218 sec - in org.apache.commons.numbers.rootfinder.SolverException_ESTest
Running org.apache.commons.numbers.rootfinder.BrentSolver_ESTest
Tests run: 37, Failures: 0, Errors: 0, Skipped: 0, Time elapsed: 0.125 sec - in org.apache.commons.numbers.rootfinder.BrentSolver_ESTest

Results :

Tests run: 40, Failures: 0, Errors: 0, Skipped: 0

[[1;34mINFO[m] [1m------------------------------------------------------------------------[m
[[1;34mINFO[m] [1mReactor Summary for Apache Commons Numbers 1.0:[m
[[1;34mINFO[m] 
[[1;34mINFO[m] Apache Commons Numbers ............................. [1;32mSUCCESS[m [  1.651 s]
[[1;34mINFO[m] Apache Commons Numbers Core ........................ [1;32mSUCCESS[m [  2.478 s]
[[1;34mINFO[m] Apache Commons Numbers Complex ..................... [1;32mSUCCESS[m [  1.710 s]
[[1;34mINFO[m] Apache Commons Numbers Primes ...................... [1;32mSUCCESS[m [  1.472 s]
[[1;34mINFO[m] Apache Commons Numbers Quaternion .................. [1;32mSUCCESS[m [  1.655 s]
[[1;34mINFO[m] Apache Commons Numbers Fraction .................... [1;32mSUCCESS[m [  2.378 s]
[[1;34mINFO[m] Apache Commons Numbers Angle ....................... [1;32mSUCCESS[m [  1.422 s]
[[1;34mINFO[m] Apache Commons Numbers Gamma ....................... [1;32mSUCCESS[m [  1.756 s]
[[1;34mINFO[m] Apache Commons Numbers Combinatorics ............... [1;32mSUCCESS[m [  2.229 s]
[[1;34mINFO[m] Apache Commons Numbers Arrays ...................... [1;32mSUCCESS[m [  1.262 s]
[[1;34mINFO[m] Apache Commons Numbers Field ....................... [1;32mSUCCESS[m [  1.628 s]
[[1;34mINFO[m] Apache Commons Numbers Root Finder ................. [1;32mSUCCESS[m [  1.529 s]
[[1;34mINFO[m] [1m------------------------------------------------------------------------[m
[[1;34mINFO[m] [1;32mBUILD SUCCESS[m
[[1;34mINFO[m] [1m------------------------------------------------------------------------[m
[[1;34mINFO[m] Total time:  21.339 s
[[1;34mINFO[m] Finished at: 2022-11-06T10:54:58-05:00
[[1;34mINFO[m] [1m------------------------------------------------------------------------[m
